2023-03-08 11:13:27.444  INFO 15700 --- [main] c.e.e.o.OrdersServiceApplication         : Starting OrdersServiceApplication using Java 11.0.8 on TC18039556 with PID 15700 (C:\Users\TCIUNLU\Desktop\Spring\projects\cqrs\OrdersService\target\classes started by TCIUNLU in C:\Users\TCIUNLU\Desktop\Spring\projects\cqrs)
2023-03-08 11:13:27.455  INFO 15700 --- [main] c.e.e.o.OrdersServiceApplication         : No active profile set, falling back to default profiles: default
2023-03-08 11:13:28.519  INFO 15700 --- [main] .s.d.r.c.RepositoryConfigurationDelegate : Bootstrapping Spring Data JPA repositories in DEFAULT mode.
2023-03-08 11:13:28.716  INFO 15700 --- [main] .s.d.r.c.RepositoryConfigurationDelegate : Finished Spring Data repository scanning in 184 ms. Found 1 JPA repository interfaces.
2023-03-08 11:13:29.259  INFO 15700 --- [main] o.s.cloud.context.scope.GenericScope     : BeanFactory id=7bf7bca3-eda4-38f0-8848-2121eaacb0b0
2023-03-08 11:13:30.312  INFO 15700 --- [main] o.s.b.w.embedded.tomcat.TomcatWebServer  : Tomcat initialized with port(s): 8081 (http)
2023-03-08 11:13:30.325  INFO 15700 --- [main] o.apache.catalina.core.StandardService   : Starting service [Tomcat]
2023-03-08 11:13:30.325  INFO 15700 --- [main] org.apache.catalina.core.StandardEngine  : Starting Servlet engine: [Apache Tomcat/9.0.53]
2023-03-08 11:13:30.736  INFO 15700 --- [main] o.a.c.c.C.[Tomcat].[localhost].[/]       : Initializing Spring embedded WebApplicationContext
2023-03-08 11:13:30.737  INFO 15700 --- [main] w.s.c.ServletWebServerApplicationContext : Root WebApplicationContext: initialization completed in 3232 ms
2023-03-08 11:13:30.905  INFO 15700 --- [main] o.hibernate.jpa.internal.util.LogHelper  : HHH000204: Processing PersistenceUnitInfo [name: default]
2023-03-08 11:13:30.983  INFO 15700 --- [main] org.hibernate.Version                    : HHH000412: Hibernate ORM core version 5.4.32.Final
2023-03-08 11:13:31.154  INFO 15700 --- [main] o.hibernate.annotations.common.Version   : HCANN000001: Hibernate Commons Annotations {5.1.2.Final}
2023-03-08 11:13:31.289  INFO 15700 --- [main] com.zaxxer.hikari.HikariDataSource       : HikariPool-1 - Starting...
2023-03-08 11:13:32.045  INFO 15700 --- [main] com.zaxxer.hikari.HikariDataSource       : HikariPool-1 - Start completed.
2023-03-08 11:13:32.063  INFO 15700 --- [main] org.hibernate.dialect.Dialect            : HHH000400: Using dialect: org.hibernate.dialect.PostgreSQLDialect
2023-03-08 11:13:55.940  INFO 15700 --- [main] o.h.e.t.j.p.i.JtaPlatformInitiator       : HHH000490: Using JtaPlatform implementation: [org.hibernate.engine.transaction.jta.platform.internal.NoJtaPlatform]
2023-03-08 11:13:55.950  INFO 15700 --- [main] j.LocalContainerEntityManagerFactoryBean : Initialized JPA EntityManagerFactory for persistence unit 'default'
2023-03-08 11:13:56.128  INFO 15700 --- [main] o.a.s.a.XStreamAutoConfiguration         : Initializing an XStream instance since none was found. The auto configuration base packages will be used as wildcards for the XStream security settings.
2023-03-08 11:13:56.352  INFO 15700 --- [main] o.a.s.util.XStreamSecurityTypeUtility    : Constructing wildcard type for base package [com.example.estore.ordersservice].
2023-03-08 11:13:56.352  INFO 15700 --- [main] o.a.s.util.XStreamSecurityTypeUtility    : Constructing wildcard type for base package [org.axonframework.eventhandling.tokenstore].
2023-03-08 11:13:56.353  INFO 15700 --- [main] o.a.s.util.XStreamSecurityTypeUtility    : Constructing wildcard type for base package [org.axonframework.eventhandling.deadletter.jpa].
2023-03-08 11:13:56.353  INFO 15700 --- [main] o.a.s.util.XStreamSecurityTypeUtility    : Constructing wildcard type for base package [org.axonframework.modelling.saga.repository.jpa].
2023-03-08 11:13:56.353  INFO 15700 --- [main] o.a.s.util.XStreamSecurityTypeUtility    : Constructing wildcard type for base package [org.axonframework.eventsourcing.eventstore.jpa].
2023-03-08 11:13:56.372  INFO 15700 --- [main] o.a.serialization.ChainingConverter      : ContentTypeConverter of type [class org.axonframework.serialization.xml.XomToStringConverter] is ignored. It seems to rely on a class that is not available in the class loader: nu/xom/Document
2023-03-08 11:13:56.373  INFO 15700 --- [main] o.a.serialization.ChainingConverter      : ContentTypeConverter of type [class org.axonframework.serialization.xml.InputStreamToXomConverter] is ignored. It seems to rely on a class that is not available in the class loader: nu/xom/Document
2023-03-08 11:13:56.800  WARN 15700 --- [main] JpaBaseConfiguration$JpaWebConfiguration : spring.jpa.open-in-view is enabled by default. Therefore, database queries may be performed during view rendering. Explicitly configure spring.jpa.open-in-view to disable this warning
2023-03-08 11:14:00.170  INFO 15700 --- [main] DiscoveryClientOptionalArgsConfiguration : Eureka HTTP Client uses RestTemplate.
2023-03-08 11:14:02.159  WARN 15700 --- [main] iguration$LoadBalancerCaffeineWarnLogger : Spring Cloud LoadBalancer is currently working with the default cache. You can switch to using Caffeine cache, by adding it and org.springframework.cache.caffeine.CaffeineCacheManager to the classpath.
2023-03-08 11:14:02.294  INFO 15700 --- [main] o.s.c.n.eureka.InstanceInfoFactory       : Setting initial instance status as: STARTING
2023-03-08 11:14:02.348  INFO 15700 --- [main] com.netflix.discovery.DiscoveryClient    : Initializing Eureka in region us-east-1
2023-03-08 11:14:02.354  INFO 15700 --- [main] c.n.d.s.r.aws.ConfigClusterResolver      : Resolving eureka endpoints via configuration
2023-03-08 11:14:02.390  INFO 15700 --- [main] com.netflix.discovery.DiscoveryClient    : Disable delta property : false
2023-03-08 11:14:02.391  INFO 15700 --- [main] com.netflix.discovery.DiscoveryClient    : Single vip registry refresh property : null
2023-03-08 11:14:02.391  INFO 15700 --- [main] com.netflix.discovery.DiscoveryClient    : Force full registry fetch : false
2023-03-08 11:14:02.391  INFO 15700 --- [main] com.netflix.discovery.DiscoveryClient    : Application is null : false
2023-03-08 11:14:02.391  INFO 15700 --- [main] com.netflix.discovery.DiscoveryClient    : Registered Applications size is zero : true
2023-03-08 11:14:02.392  INFO 15700 --- [main] com.netflix.discovery.DiscoveryClient    : Application version is -1: true
2023-03-08 11:14:02.392  INFO 15700 --- [main] com.netflix.discovery.DiscoveryClient    : Getting all instance registry info from the eureka server
2023-03-08 11:14:06.965  INFO 15700 --- [main] c.n.d.s.t.d.RedirectingEurekaHttpClient  : Request execution error. endpoint=DefaultEndpoint{ serviceUrl='http://localhost:8761/eureka/}, exception=I/O error on GET request for "http://localhost:8761/eureka/apps/": Connect to localhost:8761 [localhost/127.0.0.1, localhost/0:0:0:0:0:0:0:1] failed: Connection refused: connect; nested exception is org.apache.http.conn.HttpHostConnectException: Connect to localhost:8761 [localhost/127.0.0.1, localhost/0:0:0:0:0:0:0:1] failed: Connection refused: connect stacktrace=org.springframework.web.client.ResourceAccessException: I/O error on GET request for "http://localhost:8761/eureka/apps/": Connect to localhost:8761 [localhost/127.0.0.1, localhost/0:0:0:0:0:0:0:1] failed: Connection refused: connect; nested exception is org.apache.http.conn.HttpHostConnectException: Connect to localhost:8761 [localhost/127.0.0.1, localhost/0:0:0:0:0:0:0:1] failed: Connection refused: connect
	at org.springframework.web.client.RestTemplate.doExecute(RestTemplate.java:785)
	at org.springframework.web.client.RestTemplate.execute(RestTemplate.java:711)
	at org.springframework.web.client.RestTemplate.exchange(RestTemplate.java:602)
	at org.springframework.cloud.netflix.eureka.http.RestTemplateEurekaHttpClient.getApplicationsInternal(RestTemplateEurekaHttpClient.java:145)
	at org.springframework.cloud.netflix.eureka.http.RestTemplateEurekaHttpClient.getApplications(RestTemplateEurekaHttpClient.java:135)
	at com.netflix.discovery.shared.transport.decorator.EurekaHttpClientDecorator$6.execute(EurekaHttpClientDecorator.java:137)
	at com.netflix.discovery.shared.transport.decorator.RedirectingEurekaHttpClient.executeOnNewServer(RedirectingEurekaHttpClient.java:121)
	at com.netflix.discovery.shared.transport.decorator.RedirectingEurekaHttpClient.execute(RedirectingEurekaHttpClient.java:80)
	at com.netflix.discovery.shared.transport.decorator.EurekaHttpClientDecorator.getApplications(EurekaHttpClientDecorator.java:134)
	at com.netflix.discovery.shared.transport.decorator.EurekaHttpClientDecorator$6.execute(EurekaHttpClientDecorator.java:137)
	at com.netflix.discovery.shared.transport.decorator.RetryableEurekaHttpClient.execute(RetryableEurekaHttpClient.java:120)
	at com.netflix.discovery.shared.transport.decorator.EurekaHttpClientDecorator.getApplications(EurekaHttpClientDecorator.java:134)
	at com.netflix.discovery.shared.transport.decorator.EurekaHttpClientDecorator$6.execute(EurekaHttpClientDecorator.java:137)
	at com.netflix.discovery.shared.transport.decorator.SessionedEurekaHttpClient.execute(SessionedEurekaHttpClient.java:77)
	at com.netflix.discovery.shared.transport.decorator.EurekaHttpClientDecorator.getApplications(EurekaHttpClientDecorator.java:134)
	at com.netflix.discovery.DiscoveryClient.getAndStoreFullRegistry(DiscoveryClient.java:1101)
	at com.netflix.discovery.DiscoveryClient.fetchRegistry(DiscoveryClient.java:1014)
	at com.netflix.discovery.DiscoveryClient.<init>(DiscoveryClient.java:441)
	at com.netflix.discovery.DiscoveryClient.<init>(DiscoveryClient.java:283)
	at com.netflix.discovery.DiscoveryClient.<init>(DiscoveryClient.java:279)
	at org.springframework.cloud.netflix.eureka.CloudEurekaClient.<init>(CloudEurekaClient.java:66)
	at org.springframework.cloud.netflix.eureka.EurekaClientAutoConfiguration$RefreshableEurekaClientConfiguration.eurekaClient(EurekaClientAutoConfiguration.java:295)
	at java.base/jdk.internal.reflect.NativeMethodAccessorImpl.invoke0(Native Method)
	at java.base/jdk.internal.reflect.NativeMethodAccessorImpl.invoke(NativeMethodAccessorImpl.java:62)
	at java.base/jdk.internal.reflect.DelegatingMethodAccessorImpl.invoke(DelegatingMethodAccessorImpl.java:43)
	at java.base/java.lang.reflect.Method.invoke(Method.java:566)
	at org.springframework.beans.factory.support.SimpleInstantiationStrategy.instantiate(SimpleInstantiationStrategy.java:154)
	at org.springframework.beans.factory.support.ConstructorResolver.instantiate(ConstructorResolver.java:653)
	at org.springframework.beans.factory.support.ConstructorResolver.instantiateUsingFactoryMethod(ConstructorResolver.java:638)
	at org.springframework.beans.factory.support.AbstractAutowireCapableBeanFactory.instantiateUsingFactoryMethod(AbstractAutowireCapableBeanFactory.java:1352)
	at org.springframework.beans.factory.support.AbstractAutowireCapableBeanFactory.createBeanInstance(AbstractAutowireCapableBeanFactory.java:1195)
	at org.springframework.beans.factory.support.AbstractAutowireCapableBeanFactory.doCreateBean(AbstractAutowireCapableBeanFactory.java:582)
	at org.springframework.beans.factory.support.AbstractAutowireCapableBeanFactory.createBean(AbstractAutowireCapableBeanFactory.java:542)
	at org.springframework.beans.factory.support.AbstractBeanFactory.lambda$doGetBean$1(AbstractBeanFactory.java:374)
	at org.springframework.cloud.context.scope.GenericScope$BeanLifecycleWrapper.getBean(GenericScope.java:376)
	at org.springframework.cloud.context.scope.GenericScope.get(GenericScope.java:179)
	at org.springframework.beans.factory.support.AbstractBeanFactory.doGetBean(AbstractBeanFactory.java:371)
	at org.springframework.beans.factory.support.AbstractBeanFactory.getBean(AbstractBeanFactory.java:208)
	at org.springframework.aop.target.SimpleBeanTargetSource.getTarget(SimpleBeanTargetSource.java:35)
	at org.springframework.cloud.netflix.eureka.serviceregistry.EurekaRegistration.getTargetObject(EurekaRegistration.java:127)
	at org.springframework.cloud.netflix.eureka.serviceregistry.EurekaRegistration.getEurekaClient(EurekaRegistration.java:115)
	at java.base/jdk.internal.reflect.NativeMethodAccessorImpl.invoke0(Native Method)
	at java.base/jdk.internal.reflect.NativeMethodAccessorImpl.invoke(NativeMethodAccessorImpl.java:62)
	at java.base/jdk.internal.reflect.DelegatingMethodAccessorImpl.invoke(DelegatingMethodAccessorImpl.java:43)
	at java.base/java.lang.reflect.Method.invoke(Method.java:566)
	at org.springframework.util.ReflectionUtils.invokeMethod(ReflectionUtils.java:282)
	at org.springframework.cloud.context.scope.GenericScope$LockedScopedProxyFactoryBean.invoke(GenericScope.java:485)
	at org.springframework.aop.framework.ReflectiveMethodInvocation.proceed(ReflectiveMethodInvocation.java:186)
	at org.springframework.aop.framework.CglibAopProxy$CglibMethodInvocation.proceed(CglibAopProxy.java:750)
	at org.springframework.aop.framework.CglibAopProxy$DynamicAdvisedInterceptor.intercept(CglibAopProxy.java:692)
	at org.springframework.cloud.netflix.eureka.serviceregistry.EurekaRegistration$$EnhancerBySpringCGLIB$$cc15a719.getEurekaClient(<generated>)
	at org.springframework.cloud.netflix.eureka.serviceregistry.EurekaServiceRegistry.maybeInitializeClient(EurekaServiceRegistry.java:54)
	at org.springframework.cloud.netflix.eureka.serviceregistry.EurekaServiceRegistry.register(EurekaServiceRegistry.java:38)
	at org.springframework.cloud.netflix.eureka.serviceregistry.EurekaAutoServiceRegistration.start(EurekaAutoServiceRegistration.java:83)
	at org.springframework.context.support.DefaultLifecycleProcessor.doStart(DefaultLifecycleProcessor.java:178)
	at org.springframework.context.support.DefaultLifecycleProcessor.access$200(DefaultLifecycleProcessor.java:54)
	at org.springframework.context.support.DefaultLifecycleProcessor$LifecycleGroup.start(DefaultLifecycleProcessor.java:356)
	at java.base/java.lang.Iterable.forEach(Iterable.java:75)
	at org.springframework.context.support.DefaultLifecycleProcessor.startBeans(DefaultLifecycleProcessor.java:155)
	at org.springframework.context.support.DefaultLifecycleProcessor.onRefresh(DefaultLifecycleProcessor.java:123)
	at org.springframework.context.support.AbstractApplicationContext.finishRefresh(AbstractApplicationContext.java:935)
	at org.springframework.context.support.AbstractApplicationContext.refresh(AbstractApplicationContext.java:586)
	at org.springframework.boot.web.servlet.context.ServletWebServerApplicationContext.refresh(ServletWebServerApplicationContext.java:145)
	at org.springframework.boot.SpringApplication.refresh(SpringApplication.java:754)
	at org.springframework.boot.SpringApplication.refreshContext(SpringApplication.java:434)
	at org.springframework.boot.SpringApplication.run(SpringApplication.java:338)
	at org.springframework.boot.SpringApplication.run(SpringApplication.java:1343)
	at org.springframework.boot.SpringApplication.run(SpringApplication.java:1332)
	at com.example.estore.ordersservice.OrdersServiceApplication.main(OrdersServiceApplication.java:16)
Caused by: org.apache.http.conn.HttpHostConnectException: Connect to localhost:8761 [localhost/127.0.0.1, localhost/0:0:0:0:0:0:0:1] failed: Connection refused: connect
	at org.apache.http.impl.conn.DefaultHttpClientConnectionOperator.connect(DefaultHttpClientConnectionOperator.java:156)
	at org.apache.http.impl.conn.PoolingHttpClientConnectionManager.connect(PoolingHttpClientConnectionManager.java:376)
	at org.apache.http.impl.execchain.MainClientExec.establishRoute(MainClientExec.java:393)
	at org.apache.http.impl.execchain.MainClientExec.execute(MainClientExec.java:236)
	at org.apache.http.impl.execchain.ProtocolExec.execute(ProtocolExec.java:186)
	at org.apache.http.impl.execchain.RetryExec.execute(RetryExec.java:89)
	at org.apache.http.impl.execchain.RedirectExec.execute(RedirectExec.java:110)
	at org.apache.http.impl.client.InternalHttpClient.doExecute(InternalHttpClient.java:185)
	at org.apache.http.impl.client.CloseableHttpClient.execute(CloseableHttpClient.java:83)
	at org.apache.http.impl.client.CloseableHttpClient.execute(CloseableHttpClient.java:56)
	at org.springframework.http.client.HttpComponentsClientHttpRequest.executeInternal(HttpComponentsClientHttpRequest.java:87)
	at org.springframework.http.client.AbstractBufferingClientHttpRequest.executeInternal(AbstractBufferingClientHttpRequest.java:48)
	at org.springframework.http.client.AbstractClientHttpRequest.execute(AbstractClientHttpRequest.java:66)
	at org.springframework.web.client.RestTemplate.doExecute(RestTemplate.java:776)
	... 68 more
Caused by: java.net.ConnectException: Connection refused: connect
	at java.base/java.net.PlainSocketImpl.connect0(Native Method)
	at java.base/java.net.PlainSocketImpl.socketConnect(PlainSocketImpl.java:101)
	at java.base/java.net.AbstractPlainSocketImpl.doConnect(AbstractPlainSocketImpl.java:399)
	at java.base/java.net.AbstractPlainSocketImpl.connectToAddress(AbstractPlainSocketImpl.java:242)
	at java.base/java.net.AbstractPlainSocketImpl.connect(AbstractPlainSocketImpl.java:224)
	at java.base/java.net.SocksSocketImpl.connect(SocksSocketImpl.java:403)
	at java.base/java.net.Socket.connect(Socket.java:608)
	at org.apache.http.conn.socket.PlainConnectionSocketFactory.connectSocket(PlainConnectionSocketFactory.java:75)
	at org.apache.http.impl.conn.DefaultHttpClientConnectionOperator.connect(DefaultHttpClientConnectionOperator.java:142)
	... 81 more

2023-03-08 11:14:06.966  WARN 15700 --- [main] c.n.d.s.t.d.RetryableEurekaHttpClient    : Request execution failed with message: I/O error on GET request for "http://localhost:8761/eureka/apps/": Connect to localhost:8761 [localhost/127.0.0.1, localhost/0:0:0:0:0:0:0:1] failed: Connection refused: connect; nested exception is org.apache.http.conn.HttpHostConnectException: Connect to localhost:8761 [localhost/127.0.0.1, localhost/0:0:0:0:0:0:0:1] failed: Connection refused: connect
2023-03-08 11:14:06.968  INFO 15700 --- [main] com.netflix.discovery.DiscoveryClient    : DiscoveryClient_ORDERS-SERVICE/orders-service:0748d0e848c1db56c71f5783345cb219 - was unable to refresh its cache! This periodic background refresh will be retried in 30 seconds. status = Cannot execute request on any known server stacktrace = com.netflix.discovery.shared.transport.TransportException: Cannot execute request on any known server
	at com.netflix.discovery.shared.transport.decorator.RetryableEurekaHttpClient.execute(RetryableEurekaHttpClient.java:112)
	at com.netflix.discovery.shared.transport.decorator.EurekaHttpClientDecorator.getApplications(EurekaHttpClientDecorator.java:134)
	at com.netflix.discovery.shared.transport.decorator.EurekaHttpClientDecorator$6.execute(EurekaHttpClientDecorator.java:137)
	at com.netflix.discovery.shared.transport.decorator.SessionedEurekaHttpClient.execute(SessionedEurekaHttpClient.java:77)
	at com.netflix.discovery.shared.transport.decorator.EurekaHttpClientDecorator.getApplications(EurekaHttpClientDecorator.java:134)
	at com.netflix.discovery.DiscoveryClient.getAndStoreFullRegistry(DiscoveryClient.java:1101)
	at com.netflix.discovery.DiscoveryClient.fetchRegistry(DiscoveryClient.java:1014)
	at com.netflix.discovery.DiscoveryClient.<init>(DiscoveryClient.java:441)
	at com.netflix.discovery.DiscoveryClient.<init>(DiscoveryClient.java:283)
	at com.netflix.discovery.DiscoveryClient.<init>(DiscoveryClient.java:279)
	at org.springframework.cloud.netflix.eureka.CloudEurekaClient.<init>(CloudEurekaClient.java:66)
	at org.springframework.cloud.netflix.eureka.EurekaClientAutoConfiguration$RefreshableEurekaClientConfiguration.eurekaClient(EurekaClientAutoConfiguration.java:295)
	at java.base/jdk.internal.reflect.NativeMethodAccessorImpl.invoke0(Native Method)
	at java.base/jdk.internal.reflect.NativeMethodAccessorImpl.invoke(NativeMethodAccessorImpl.java:62)
	at java.base/jdk.internal.reflect.DelegatingMethodAccessorImpl.invoke(DelegatingMethodAccessorImpl.java:43)
	at java.base/java.lang.reflect.Method.invoke(Method.java:566)
	at org.springframework.beans.factory.support.SimpleInstantiationStrategy.instantiate(SimpleInstantiationStrategy.java:154)
	at org.springframework.beans.factory.support.ConstructorResolver.instantiate(ConstructorResolver.java:653)
	at org.springframework.beans.factory.support.ConstructorResolver.instantiateUsingFactoryMethod(ConstructorResolver.java:638)
	at org.springframework.beans.factory.support.AbstractAutowireCapableBeanFactory.instantiateUsingFactoryMethod(AbstractAutowireCapableBeanFactory.java:1352)
	at org.springframework.beans.factory.support.AbstractAutowireCapableBeanFactory.createBeanInstance(AbstractAutowireCapableBeanFactory.java:1195)
	at org.springframework.beans.factory.support.AbstractAutowireCapableBeanFactory.doCreateBean(AbstractAutowireCapableBeanFactory.java:582)
	at org.springframework.beans.factory.support.AbstractAutowireCapableBeanFactory.createBean(AbstractAutowireCapableBeanFactory.java:542)
	at org.springframework.beans.factory.support.AbstractBeanFactory.lambda$doGetBean$1(AbstractBeanFactory.java:374)
	at org.springframework.cloud.context.scope.GenericScope$BeanLifecycleWrapper.getBean(GenericScope.java:376)
	at org.springframework.cloud.context.scope.GenericScope.get(GenericScope.java:179)
	at org.springframework.beans.factory.support.AbstractBeanFactory.doGetBean(AbstractBeanFactory.java:371)
	at org.springframework.beans.factory.support.AbstractBeanFactory.getBean(AbstractBeanFactory.java:208)
	at org.springframework.aop.target.SimpleBeanTargetSource.getTarget(SimpleBeanTargetSource.java:35)
	at org.springframework.cloud.netflix.eureka.serviceregistry.EurekaRegistration.getTargetObject(EurekaRegistration.java:127)
	at org.springframework.cloud.netflix.eureka.serviceregistry.EurekaRegistration.getEurekaClient(EurekaRegistration.java:115)
	at java.base/jdk.internal.reflect.NativeMethodAccessorImpl.invoke0(Native Method)
	at java.base/jdk.internal.reflect.NativeMethodAccessorImpl.invoke(NativeMethodAccessorImpl.java:62)
	at java.base/jdk.internal.reflect.DelegatingMethodAccessorImpl.invoke(DelegatingMethodAccessorImpl.java:43)
	at java.base/java.lang.reflect.Method.invoke(Method.java:566)
	at org.springframework.util.ReflectionUtils.invokeMethod(ReflectionUtils.java:282)
	at org.springframework.cloud.context.scope.GenericScope$LockedScopedProxyFactoryBean.invoke(GenericScope.java:485)
	at org.springframework.aop.framework.ReflectiveMethodInvocation.proceed(ReflectiveMethodInvocation.java:186)
	at org.springframework.aop.framework.CglibAopProxy$CglibMethodInvocation.proceed(CglibAopProxy.java:750)
	at org.springframework.aop.framework.CglibAopProxy$DynamicAdvisedInterceptor.intercept(CglibAopProxy.java:692)
	at org.springframework.cloud.netflix.eureka.serviceregistry.EurekaRegistration$$EnhancerBySpringCGLIB$$cc15a719.getEurekaClient(<generated>)
	at org.springframework.cloud.netflix.eureka.serviceregistry.EurekaServiceRegistry.maybeInitializeClient(EurekaServiceRegistry.java:54)
	at org.springframework.cloud.netflix.eureka.serviceregistry.EurekaServiceRegistry.register(EurekaServiceRegistry.java:38)
	at org.springframework.cloud.netflix.eureka.serviceregistry.EurekaAutoServiceRegistration.start(EurekaAutoServiceRegistration.java:83)
	at org.springframework.context.support.DefaultLifecycleProcessor.doStart(DefaultLifecycleProcessor.java:178)
	at org.springframework.context.support.DefaultLifecycleProcessor.access$200(DefaultLifecycleProcessor.java:54)
	at org.springframework.context.support.DefaultLifecycleProcessor$LifecycleGroup.start(DefaultLifecycleProcessor.java:356)
	at java.base/java.lang.Iterable.forEach(Iterable.java:75)
	at org.springframework.context.support.DefaultLifecycleProcessor.startBeans(DefaultLifecycleProcessor.java:155)
	at org.springframework.context.support.DefaultLifecycleProcessor.onRefresh(DefaultLifecycleProcessor.java:123)
	at org.springframework.context.support.AbstractApplicationContext.finishRefresh(AbstractApplicationContext.java:935)
	at org.springframework.context.support.AbstractApplicationContext.refresh(AbstractApplicationContext.java:586)
	at org.springframework.boot.web.servlet.context.ServletWebServerApplicationContext.refresh(ServletWebServerApplicationContext.java:145)
	at org.springframework.boot.SpringApplication.refresh(SpringApplication.java:754)
	at org.springframework.boot.SpringApplication.refreshContext(SpringApplication.java:434)
	at org.springframework.boot.SpringApplication.run(SpringApplication.java:338)
	at org.springframework.boot.SpringApplication.run(SpringApplication.java:1343)
	at org.springframework.boot.SpringApplication.run(SpringApplication.java:1332)
	at com.example.estore.ordersservice.OrdersServiceApplication.main(OrdersServiceApplication.java:16)

2023-03-08 11:14:06.968  INFO 15700 --- [main] com.netflix.discovery.DiscoveryClient    : Initial registry fetch from primary servers failed
2023-03-08 11:14:06.969  WARN 15700 --- [main] com.netflix.discovery.DiscoveryClient    : Using default backup registry implementation which does not do anything.
2023-03-08 11:14:06.969  INFO 15700 --- [main] com.netflix.discovery.DiscoveryClient    : Initial registry fetch from backup servers failed
2023-03-08 11:14:06.971  INFO 15700 --- [main] com.netflix.discovery.DiscoveryClient    : Starting heartbeat executor: renew interval is: 30
2023-03-08 11:14:06.975  INFO 15700 --- [main] c.n.discovery.InstanceInfoReplicator     : InstanceInfoReplicator onDemand update allowed rate per min is 4
2023-03-08 11:14:06.981  INFO 15700 --- [main] com.netflix.discovery.DiscoveryClient    : Discovery Client initialized at timestamp 1678263246979 with initial instances count: 0
2023-03-08 11:14:06.983  INFO 15700 --- [main] o.s.c.n.e.s.EurekaServiceRegistry        : Registering application ORDERS-SERVICE with eureka with status UP
2023-03-08 11:14:06.984  INFO 15700 --- [main] com.netflix.discovery.DiscoveryClient    : Saw local status change event StatusChangeEvent [timestamp=1678263246984, current=UP, previous=STARTING]
2023-03-08 11:14:06.986  INFO 15700 --- [DiscoveryClient-InstanceInfoReplicator-0] com.netflix.discovery.DiscoveryClient    : DiscoveryClient_ORDERS-SERVICE/orders-service:0748d0e848c1db56c71f5783345cb219: registering service...
2023-03-08 11:14:07.049  INFO 15700 --- [main] o.s.b.w.embedded.tomcat.TomcatWebServer  : Tomcat started on port(s): 8081 (http) with context path ''
2023-03-08 11:14:07.051  INFO 15700 --- [main] .s.c.n.e.s.EurekaAutoServiceRegistration : Updating port to 8081
2023-03-08 11:14:11.180  INFO 15700 --- [DiscoveryClient-InstanceInfoReplicator-0] c.n.d.s.t.d.RedirectingEurekaHttpClient  : Request execution error. endpoint=DefaultEndpoint{ serviceUrl='http://localhost:8761/eureka/}, exception=I/O error on POST request for "http://localhost:8761/eureka/apps/ORDERS-SERVICE": Connect to localhost:8761 [localhost/127.0.0.1, localhost/0:0:0:0:0:0:0:1] failed: Connection refused: connect; nested exception is org.apache.http.conn.HttpHostConnectException: Connect to localhost:8761 [localhost/127.0.0.1, localhost/0:0:0:0:0:0:0:1] failed: Connection refused: connect stacktrace=org.springframework.web.client.ResourceAccessException: I/O error on POST request for "http://localhost:8761/eureka/apps/ORDERS-SERVICE": Connect to localhost:8761 [localhost/127.0.0.1, localhost/0:0:0:0:0:0:0:1] failed: Connection refused: connect; nested exception is org.apache.http.conn.HttpHostConnectException: Connect to localhost:8761 [localhost/127.0.0.1, localhost/0:0:0:0:0:0:0:1] failed: Connection refused: connect
	at org.springframework.web.client.RestTemplate.doExecute(RestTemplate.java:785)
	at org.springframework.web.client.RestTemplate.execute(RestTemplate.java:711)
	at org.springframework.web.client.RestTemplate.exchange(RestTemplate.java:602)
	at org.springframework.cloud.netflix.eureka.http.RestTemplateEurekaHttpClient.register(RestTemplateEurekaHttpClient.java:77)
	at com.netflix.discovery.shared.transport.decorator.EurekaHttpClientDecorator$1.execute(EurekaHttpClientDecorator.java:59)
	at com.netflix.discovery.shared.transport.decorator.RedirectingEurekaHttpClient.executeOnNewServer(RedirectingEurekaHttpClient.java:121)
	at com.netflix.discovery.shared.transport.decorator.RedirectingEurekaHttpClient.execute(RedirectingEurekaHttpClient.java:80)
	at com.netflix.discovery.shared.transport.decorator.EurekaHttpClientDecorator.register(EurekaHttpClientDecorator.java:56)
	at com.netflix.discovery.shared.transport.decorator.EurekaHttpClientDecorator$1.execute(EurekaHttpClientDecorator.java:59)
	at com.netflix.discovery.shared.transport.decorator.RetryableEurekaHttpClient.execute(RetryableEurekaHttpClient.java:120)
	at com.netflix.discovery.shared.transport.decorator.EurekaHttpClientDecorator.register(EurekaHttpClientDecorator.java:56)
	at com.netflix.discovery.shared.transport.decorator.EurekaHttpClientDecorator$1.execute(EurekaHttpClientDecorator.java:59)
	at com.netflix.discovery.shared.transport.decorator.SessionedEurekaHttpClient.execute(SessionedEurekaHttpClient.java:77)
	at com.netflix.discovery.shared.transport.decorator.EurekaHttpClientDecorator.register(EurekaHttpClientDecorator.java:56)
	at com.netflix.discovery.DiscoveryClient.register(DiscoveryClient.java:876)
	at com.netflix.discovery.InstanceInfoReplicator.run(InstanceInfoReplicator.java:121)
	at com.netflix.discovery.InstanceInfoReplicator$1.run(InstanceInfoReplicator.java:101)
	at java.base/java.util.concurrent.Executors$RunnableAdapter.call(Executors.java:515)
	at java.base/java.util.concurrent.FutureTask.run$$$capture(FutureTask.java:264)
	at java.base/java.util.concurrent.FutureTask.run(FutureTask.java)
	at java.base/java.util.concurrent.ScheduledThreadPoolExecutor$ScheduledFutureTask.run(ScheduledThreadPoolExecutor.java:304)
	at java.base/java.util.concurrent.ThreadPoolExecutor.runWorker(ThreadPoolExecutor.java:1128)
	at java.base/java.util.concurrent.ThreadPoolExecutor$Worker.run(ThreadPoolExecutor.java:628)
	at java.base/java.lang.Thread.run(Thread.java:834)
Caused by: org.apache.http.conn.HttpHostConnectException: Connect to localhost:8761 [localhost/127.0.0.1, localhost/0:0:0:0:0:0:0:1] failed: Connection refused: connect
	at org.apache.http.impl.conn.DefaultHttpClientConnectionOperator.connect(DefaultHttpClientConnectionOperator.java:156)
	at org.apache.http.impl.conn.PoolingHttpClientConnectionManager.connect(PoolingHttpClientConnectionManager.java:376)
	at org.apache.http.impl.execchain.MainClientExec.establishRoute(MainClientExec.java:393)
	at org.apache.http.impl.execchain.MainClientExec.execute(MainClientExec.java:236)
	at org.apache.http.impl.execchain.ProtocolExec.execute(ProtocolExec.java:186)
	at org.apache.http.impl.execchain.RetryExec.execute(RetryExec.java:89)
	at org.apache.http.impl.execchain.RedirectExec.execute(RedirectExec.java:110)
	at org.apache.http.impl.client.InternalHttpClient.doExecute(InternalHttpClient.java:185)
	at org.apache.http.impl.client.CloseableHttpClient.execute(CloseableHttpClient.java:83)
	at org.apache.http.impl.client.CloseableHttpClient.execute(CloseableHttpClient.java:56)
	at org.springframework.http.client.HttpComponentsClientHttpRequest.executeInternal(HttpComponentsClientHttpRequest.java:87)
	at org.springframework.http.client.AbstractBufferingClientHttpRequest.executeInternal(AbstractBufferingClientHttpRequest.java:48)
	at org.springframework.http.client.AbstractClientHttpRequest.execute(AbstractClientHttpRequest.java:66)
	at org.springframework.web.client.RestTemplate.doExecute(RestTemplate.java:776)
	... 23 more
Caused by: java.net.ConnectException: Connection refused: connect
	at java.base/java.net.PlainSocketImpl.connect0(Native Method)
	at java.base/java.net.PlainSocketImpl.socketConnect(PlainSocketImpl.java:101)
	at java.base/java.net.AbstractPlainSocketImpl.doConnect(AbstractPlainSocketImpl.java:399)
	at java.base/java.net.AbstractPlainSocketImpl.connectToAddress(AbstractPlainSocketImpl.java:242)
	at java.base/java.net.AbstractPlainSocketImpl.connect(AbstractPlainSocketImpl.java:224)
	at java.base/java.net.SocksSocketImpl.connect(SocksSocketImpl.java:403)
	at java.base/java.net.Socket.connect(Socket.java:608)
	at org.apache.http.conn.socket.PlainConnectionSocketFactory.connectSocket(PlainConnectionSocketFactory.java:75)
	at org.apache.http.impl.conn.DefaultHttpClientConnectionOperator.connect(DefaultHttpClientConnectionOperator.java:142)
	... 36 more

2023-03-08 11:14:11.181  WARN 15700 --- [DiscoveryClient-InstanceInfoReplicator-0] c.n.d.s.t.d.RetryableEurekaHttpClient    : Request execution failed with message: I/O error on POST request for "http://localhost:8761/eureka/apps/ORDERS-SERVICE": Connect to localhost:8761 [localhost/127.0.0.1, localhost/0:0:0:0:0:0:0:1] failed: Connection refused: connect; nested exception is org.apache.http.conn.HttpHostConnectException: Connect to localhost:8761 [localhost/127.0.0.1, localhost/0:0:0:0:0:0:0:1] failed: Connection refused: connect
2023-03-08 11:14:11.192  WARN 15700 --- [DiscoveryClient-InstanceInfoReplicator-0] com.netflix.discovery.DiscoveryClient    : DiscoveryClient_ORDERS-SERVICE/orders-service:0748d0e848c1db56c71f5783345cb219 - registration failed Cannot execute request on any known server

com.netflix.discovery.shared.transport.TransportException: Cannot execute request on any known server
	at com.netflix.discovery.shared.transport.decorator.RetryableEurekaHttpClient.execute(RetryableEurekaHttpClient.java:112) ~[eureka-client-1.10.14.jar:1.10.14]
	at com.netflix.discovery.shared.transport.decorator.EurekaHttpClientDecorator.register(EurekaHttpClientDecorator.java:56) ~[eureka-client-1.10.14.jar:1.10.14]
	at com.netflix.discovery.shared.transport.decorator.EurekaHttpClientDecorator$1.execute(EurekaHttpClientDecorator.java:59) ~[eureka-client-1.10.14.jar:1.10.14]
	at com.netflix.discovery.shared.transport.decorator.SessionedEurekaHttpClient.execute(SessionedEurekaHttpClient.java:77) ~[eureka-client-1.10.14.jar:1.10.14]
	at com.netflix.discovery.shared.transport.decorator.EurekaHttpClientDecorator.register(EurekaHttpClientDecorator.java:56) ~[eureka-client-1.10.14.jar:1.10.14]
	at com.netflix.discovery.DiscoveryClient.register(DiscoveryClient.java:876) ~[eureka-client-1.10.14.jar:1.10.14]
	at com.netflix.discovery.InstanceInfoReplicator.run(InstanceInfoReplicator.java:121) ~[eureka-client-1.10.14.jar:1.10.14]
	at com.netflix.discovery.InstanceInfoReplicator$1.run(InstanceInfoReplicator.java:101) ~[eureka-client-1.10.14.jar:1.10.14]
	at java.base/java.util.concurrent.Executors$RunnableAdapter.call(Executors.java:515) ~[na:na]
	at java.base/java.util.concurrent.FutureTask.run$$$capture(FutureTask.java:264) ~[na:na]
	at java.base/java.util.concurrent.FutureTask.run(FutureTask.java) ~[na:na]
	at java.base/java.util.concurrent.ScheduledThreadPoolExecutor$ScheduledFutureTask.run(ScheduledThreadPoolExecutor.java:304) ~[na:na]
	at java.base/java.util.concurrent.ThreadPoolExecutor.runWorker(ThreadPoolExecutor.java:1128) ~[na:na]
	at java.base/java.util.concurrent.ThreadPoolExecutor$Worker.run(ThreadPoolExecutor.java:628) ~[na:na]
	at java.base/java.lang.Thread.run(Thread.java:834) ~[na:na]

2023-03-08 11:14:11.193  WARN 15700 --- [DiscoveryClient-InstanceInfoReplicator-0] c.n.discovery.InstanceInfoReplicator     : There was a problem with the instance info replicator

com.netflix.discovery.shared.transport.TransportException: Cannot execute request on any known server
	at com.netflix.discovery.shared.transport.decorator.RetryableEurekaHttpClient.execute(RetryableEurekaHttpClient.java:112) ~[eureka-client-1.10.14.jar:1.10.14]
	at com.netflix.discovery.shared.transport.decorator.EurekaHttpClientDecorator.register(EurekaHttpClientDecorator.java:56) ~[eureka-client-1.10.14.jar:1.10.14]
	at com.netflix.discovery.shared.transport.decorator.EurekaHttpClientDecorator$1.execute(EurekaHttpClientDecorator.java:59) ~[eureka-client-1.10.14.jar:1.10.14]
	at com.netflix.discovery.shared.transport.decorator.SessionedEurekaHttpClient.execute(SessionedEurekaHttpClient.java:77) ~[eureka-client-1.10.14.jar:1.10.14]
	at com.netflix.discovery.shared.transport.decorator.EurekaHttpClientDecorator.register(EurekaHttpClientDecorator.java:56) ~[eureka-client-1.10.14.jar:1.10.14]
	at com.netflix.discovery.DiscoveryClient.register(DiscoveryClient.java:876) ~[eureka-client-1.10.14.jar:1.10.14]
	at com.netflix.discovery.InstanceInfoReplicator.run(InstanceInfoReplicator.java:121) ~[eureka-client-1.10.14.jar:1.10.14]
	at com.netflix.discovery.InstanceInfoReplicator$1.run(InstanceInfoReplicator.java:101) ~[eureka-client-1.10.14.jar:1.10.14]
	at java.base/java.util.concurrent.Executors$RunnableAdapter.call(Executors.java:515) ~[na:na]
	at java.base/java.util.concurrent.FutureTask.run$$$capture(FutureTask.java:264) ~[na:na]
	at java.base/java.util.concurrent.FutureTask.run(FutureTask.java) ~[na:na]
	at java.base/java.util.concurrent.ScheduledThreadPoolExecutor$ScheduledFutureTask.run(ScheduledThreadPoolExecutor.java:304) ~[na:na]
	at java.base/java.util.concurrent.ThreadPoolExecutor.runWorker(ThreadPoolExecutor.java:1128) ~[na:na]
	at java.base/java.util.concurrent.ThreadPoolExecutor$Worker.run(ThreadPoolExecutor.java:628) ~[na:na]
	at java.base/java.lang.Thread.run(Thread.java:834) ~[na:na]

2023-03-08 11:14:11.596  INFO 15700 --- [main] i.a.a.c.impl.AxonServerManagedChannel    : Requesting connection details from localhost:8124
2023-03-08 11:14:16.627  WARN 15700 --- [main] i.a.a.c.impl.AxonServerManagedChannel    : Connecting to AxonServer node [localhost:8124] failed.

io.grpc.StatusRuntimeException: DEADLINE_EXCEEDED: deadline exceeded after 4.871861800s. [closed=[], open=[[buffered_nanos=4883456200, waiting_for_connection]]]
	at io.grpc.stub.ClientCalls.toStatusRuntimeException(ClientCalls.java:271) ~[grpc-stub-1.50.2.jar:1.50.2]
	at io.grpc.stub.ClientCalls.getUnchecked(ClientCalls.java:252) ~[grpc-stub-1.50.2.jar:1.50.2]
	at io.grpc.stub.ClientCalls.blockingUnaryCall(ClientCalls.java:165) ~[grpc-stub-1.50.2.jar:1.50.2]
	at io.axoniq.axonserver.grpc.control.PlatformServiceGrpc$PlatformServiceBlockingStub.getPlatformServer(PlatformServiceGrpc.java:250) ~[axonserver-connector-java-4.6.3.jar:4.6.3]
	at io.axoniq.axonserver.connector.impl.AxonServerManagedChannel.connectChannel(AxonServerManagedChannel.java:115) ~[axonserver-connector-java-4.6.3.jar:4.6.3]
	at io.axoniq.axonserver.connector.impl.AxonServerManagedChannel.createConnection(AxonServerManagedChannel.java:335) ~[axonserver-connector-java-4.6.3.jar:4.6.3]
	at io.axoniq.axonserver.connector.impl.AxonServerManagedChannel.ensureConnected(AxonServerManagedChannel.java:300) ~[axonserver-connector-java-4.6.3.jar:4.6.3]
	at io.axoniq.axonserver.connector.impl.AxonServerManagedChannel.getState(AxonServerManagedChannel.java:227) ~[axonserver-connector-java-4.6.3.jar:4.6.3]
	at io.axoniq.axonserver.connector.impl.ContextConnection.ensureConnected(ContextConnection.java:221) ~[axonserver-connector-java-4.6.3.jar:4.6.3]
	at io.axoniq.axonserver.connector.impl.ContextConnection.connect(ContextConnection.java:158) ~[axonserver-connector-java-4.6.3.jar:4.6.3]
	at io.axoniq.axonserver.connector.AxonServerConnectionFactory.connect(AxonServerConnectionFactory.java:166) ~[axonserver-connector-java-4.6.3.jar:4.6.3]
	at org.axonframework.axonserver.connector.AxonServerConnectionManager.createConnection(AxonServerConnectionManager.java:130) ~[axon-server-connector-4.6.3.jar:4.6.3]
	at java.base/java.util.concurrent.ConcurrentHashMap.computeIfAbsent(ConcurrentHashMap.java:1705) ~[na:na]
	at org.axonframework.axonserver.connector.AxonServerConnectionManager.getConnection(AxonServerConnectionManager.java:126) ~[axon-server-connector-4.6.3.jar:4.6.3]
	at org.axonframework.axonserver.connector.command.AxonServerCommandBus.subscribe(AxonServerCommandBus.java:213) ~[axon-server-connector-4.6.3.jar:4.6.3]
	at org.axonframework.modelling.command.AggregateAnnotationCommandHandler.lambda$null$0(AggregateAnnotationCommandHandler.java:138) ~[axon-modelling-4.6.3.jar:4.6.3]
	at java.base/java.util.stream.ReferencePipeline$3$1.accept(ReferencePipeline.java:195) ~[na:na]
	at java.base/java.util.HashMap$KeySpliterator.forEachRemaining(HashMap.java:1603) ~[na:na]
	at java.base/java.util.stream.AbstractPipeline.copyInto(AbstractPipeline.java:484) ~[na:na]
	at java.base/java.util.stream.AbstractPipeline.wrapAndCopyInto(AbstractPipeline.java:474) ~[na:na]
	at java.base/java.util.stream.ForEachOps$ForEachOp.evaluateSequential(ForEachOps.java:150) ~[na:na]
	at java.base/java.util.stream.ForEachOps$ForEachOp$OfRef.evaluateSequential(ForEachOps.java:173) ~[na:na]
	at java.base/java.util.stream.AbstractPipeline.evaluate(AbstractPipeline.java:234) ~[na:na]
	at java.base/java.util.stream.ReferencePipeline.forEach(ReferencePipeline.java:497) ~[na:na]
	at java.base/java.util.stream.ReferencePipeline$7$1.accept(ReferencePipeline.java:274) ~[na:na]
	at java.base/java.util.HashMap$EntrySpliterator.forEachRemaining(HashMap.java:1746) ~[na:na]
	at java.base/java.util.stream.AbstractPipeline.copyInto(AbstractPipeline.java:484) ~[na:na]
	at java.base/java.util.stream.AbstractPipeline.wrapAndCopyInto(AbstractPipeline.java:474) ~[na:na]
	at java.base/java.util.stream.ReduceOps$ReduceOp.evaluateSequential(ReduceOps.java:913) ~[na:na]
	at java.base/java.util.stream.AbstractPipeline.evaluate(AbstractPipeline.java:234) ~[na:na]
	at java.base/java.util.stream.ReferencePipeline.collect(ReferencePipeline.java:578) ~[na:na]
	at org.axonframework.modelling.command.AggregateAnnotationCommandHandler.subscribe(AggregateAnnotationCommandHandler.java:141) ~[axon-modelling-4.6.3.jar:4.6.3]
	at org.axonframework.config.AggregateConfigurer.lambda$initialize$34(AggregateConfigurer.java:453) ~[axon-configuration-4.6.3.jar:4.6.3]
	at org.axonframework.config.LifecycleOperations.lambda$onStart$0(LifecycleOperations.java:62) ~[axon-configuration-4.6.3.jar:4.6.3]
	at java.base/java.util.stream.ReferencePipeline$3$1.accept(ReferencePipeline.java:195) ~[na:na]
	at java.base/java.util.Spliterators$ArraySpliterator.forEachRemaining(Spliterators.java:948) ~[na:na]
	at java.base/java.util.stream.AbstractPipeline.copyInto(AbstractPipeline.java:484) ~[na:na]
	at java.base/java.util.stream.AbstractPipeline.wrapAndCopyInto(AbstractPipeline.java:474) ~[na:na]
	at java.base/java.util.stream.ReduceOps$ReduceOp.evaluateSequential(ReduceOps.java:913) ~[na:na]
	at java.base/java.util.stream.AbstractPipeline.evaluate(AbstractPipeline.java:234) ~[na:na]
	at java.base/java.util.stream.ReferencePipeline.reduce(ReferencePipeline.java:558) ~[na:na]
	at org.axonframework.config.DefaultConfigurer.invokeLifecycleHandlers(DefaultConfigurer.java:856) ~[axon-configuration-4.6.3.jar:4.6.3]
	at org.axonframework.config.DefaultConfigurer.invokeStartHandlers(DefaultConfigurer.java:802) ~[axon-configuration-4.6.3.jar:4.6.3]
	at org.axonframework.config.DefaultConfigurer$ConfigurationImpl.start(DefaultConfigurer.java:953) ~[axon-configuration-4.6.3.jar:4.6.3]
	at org.axonframework.spring.config.SpringAxonConfiguration.start(SpringAxonConfiguration.java:76) ~[axon-spring-4.6.3.jar:4.6.3]
	at org.springframework.context.support.DefaultLifecycleProcessor.doStart(DefaultLifecycleProcessor.java:178) ~[spring-context-5.3.10.jar:5.3.10]
	at org.springframework.context.support.DefaultLifecycleProcessor.access$200(DefaultLifecycleProcessor.java:54) ~[spring-context-5.3.10.jar:5.3.10]
	at org.springframework.context.support.DefaultLifecycleProcessor$LifecycleGroup.start(DefaultLifecycleProcessor.java:356) ~[spring-context-5.3.10.jar:5.3.10]
	at java.base/java.lang.Iterable.forEach(Iterable.java:75) ~[na:na]
	at org.springframework.context.support.DefaultLifecycleProcessor.startBeans(DefaultLifecycleProcessor.java:155) ~[spring-context-5.3.10.jar:5.3.10]
	at org.springframework.context.support.DefaultLifecycleProcessor.onRefresh(DefaultLifecycleProcessor.java:123) ~[spring-context-5.3.10.jar:5.3.10]
	at org.springframework.context.support.AbstractApplicationContext.finishRefresh(AbstractApplicationContext.java:935) ~[spring-context-5.3.10.jar:5.3.10]
	at org.springframework.context.support.AbstractApplicationContext.refresh(AbstractApplicationContext.java:586) ~[spring-context-5.3.10.jar:5.3.10]
	at org.springframework.boot.web.servlet.context.ServletWebServerApplicationContext.refresh(ServletWebServerApplicationContext.java:145) ~[spring-boot-2.5.5.jar:2.5.5]
	at org.springframework.boot.SpringApplication.refresh(SpringApplication.java:754) ~[spring-boot-2.5.5.jar:2.5.5]
	at org.springframework.boot.SpringApplication.refreshContext(SpringApplication.java:434) ~[spring-boot-2.5.5.jar:2.5.5]
	at org.springframework.boot.SpringApplication.run(SpringApplication.java:338) ~[spring-boot-2.5.5.jar:2.5.5]
	at org.springframework.boot.SpringApplication.run(SpringApplication.java:1343) ~[spring-boot-2.5.5.jar:2.5.5]
	at org.springframework.boot.SpringApplication.run(SpringApplication.java:1332) ~[spring-boot-2.5.5.jar:2.5.5]
	at com.example.estore.ordersservice.OrdersServiceApplication.main(OrdersServiceApplication.java:16) ~[classes/:na]

2023-03-08 11:14:16.628  INFO 15700 --- [main] i.a.a.c.impl.AxonServerManagedChannel    : Failed to get connection to AxonServer. Scheduling a reconnect in 2000ms
2023-03-08 11:14:16.663  INFO 15700 --- [main] i.a.a.c.impl.AxonServerManagedChannel    : Requesting connection details from localhost:8124
2023-03-08 11:14:18.677  INFO 15700 --- [axon-connector-15700@TC18039556-0] i.a.a.c.impl.AxonServerManagedChannel    : Requesting connection details from localhost:8124
2023-03-08 11:14:21.683  WARN 15700 --- [main] i.a.a.c.impl.AxonServerManagedChannel    : Connecting to AxonServer node [localhost:8124] failed: DEADLINE_EXCEEDED: deadline exceeded after 4.997199000s. [closed=[], open=[[buffered_nanos=5010844100, waiting_for_connection]]]
2023-03-08 11:14:21.684  INFO 15700 --- [main] i.a.a.c.impl.AxonServerManagedChannel    : Failed to get connection to AxonServer. Scheduling a reconnect in 2000ms
2023-03-08 11:14:21.690  INFO 15700 --- [main] i.a.a.c.command.impl.CommandChannelImpl  : CommandChannel for context 'default' connected, 0 command handlers registered
2023-03-08 11:14:21.701  INFO 15700 --- [main] i.a.a.c.command.impl.CommandChannelImpl  : Registered handler for command 'com.example.estore.ordersservice.command.RejectOrderCommand' in context 'default'
2023-03-08 11:14:21.710  INFO 15700 --- [main] i.a.a.c.command.impl.CommandChannelImpl  : Registered handler for command 'com.example.estore.ordersservice.command.CreateOrderCommand' in context 'default'
2023-03-08 11:14:21.710  INFO 15700 --- [main] i.a.a.c.command.impl.CommandChannelImpl  : Registered handler for command 'com.example.estore.ordersservice.command.ApproveOrderCommand' in context 'default'
2023-03-08 11:14:21.739  INFO 15700 --- [SpringApplicationShutdownHook] o.s.c.n.e.s.EurekaServiceRegistry        : Unregistering application ORDERS-SERVICE with eureka with status DOWN
2023-03-08 11:14:21.739  INFO 15700 --- [SpringApplicationShutdownHook] com.netflix.discovery.DiscoveryClient    : Saw local status change event StatusChangeEvent [timestamp=1678263261739, current=DOWN, previous=UP]
2023-03-08 11:14:21.740  INFO 15700 --- [DiscoveryClient-InstanceInfoReplicator-0] com.netflix.discovery.DiscoveryClient    : DiscoveryClient_ORDERS-SERVICE/orders-service:0748d0e848c1db56c71f5783345cb219: registering service...
2023-03-08 11:14:21.740  INFO 15700 --- [main] c.e.e.o.OrdersServiceApplication         : Started OrdersServiceApplication in 56.778 seconds (JVM running for 60.213)
2023-03-08 11:14:21.742  INFO 15700 --- [SpringApplicationShutdownHook] o.a.e.TrackingEventProcessor             : Shutdown state set for Processor 'OrderSagaProcessor'.
2023-03-08 11:14:21.742  INFO 15700 --- [SpringApplicationShutdownHook] o.a.e.TrackingEventProcessor             : Processor 'OrderSagaProcessor' awaiting termination...
2023-03-08 11:14:22.053  INFO 15700 --- [EventProcessor[OrderSagaProcessor]-0] i.a.a.c.impl.AxonServerManagedChannel    : Requesting connection details from localhost:8124
2023-03-08 11:14:22.078  WARN 15700 --- [EventProcessor[com.example.estore.ordersservice.query]-0] o.a.e.TrackingEventProcessor             : Fetch Segments for Processor 'com.example.estore.ordersservice.query' failed: io.grpc.StatusRuntimeException: UNAVAILABLE. Preparing for retry in 1s

org.axonframework.eventsourcing.eventstore.EventStoreException: io.grpc.StatusRuntimeException: UNAVAILABLE
	at org.axonframework.axonserver.connector.event.axon.AxonServerEventStore$AxonIQEventStorageEngine.createTailToken(AxonServerEventStore.java:604) ~[axon-server-connector-4.6.3.jar:4.6.3]
	at org.axonframework.eventsourcing.eventstore.AbstractEventStore.createTailToken(AbstractEventStore.java:171) ~[axon-eventsourcing-4.6.3.jar:4.6.3]
	at org.axonframework.eventhandling.TrackingEventProcessor$WorkerLauncher.lambda$run$1(TrackingEventProcessor.java:1218) ~[axon-messaging-4.6.3.jar:4.6.3]
	at org.axonframework.common.transaction.TransactionManager.executeInTransaction(TransactionManager.java:47) ~[axon-messaging-4.6.3.jar:4.6.3]
	at org.axonframework.eventhandling.TrackingEventProcessor$WorkerLauncher.run(TrackingEventProcessor.java:1216) ~[axon-messaging-4.6.3.jar:4.6.3]
	at java.base/java.lang.Thread.run(Thread.java:834) ~[na:na]
Caused by: java.util.concurrent.ExecutionException: io.grpc.StatusRuntimeException: UNAVAILABLE
	at java.base/java.util.concurrent.CompletableFuture.reportGet(CompletableFuture.java:395) ~[na:na]
	at java.base/java.util.concurrent.CompletableFuture.get(CompletableFuture.java:2022) ~[na:na]
	at org.axonframework.axonserver.connector.event.axon.AxonServerEventStore$AxonIQEventStorageEngine.createTailToken(AxonServerEventStore.java:598) ~[axon-server-connector-4.6.3.jar:4.6.3]
	... 5 common frames omitted
Caused by: io.grpc.StatusRuntimeException: UNAVAILABLE
	at io.grpc.Status.asRuntimeException(Status.java:539) ~[grpc-api-1.50.2.jar:1.50.2]
	at io.grpc.stub.ClientCalls$StreamObserverToCallListenerAdapter.onClose(ClientCalls.java:487) ~[grpc-stub-1.50.2.jar:1.50.2]
	at io.axoniq.axonserver.connector.impl.AxonServerManagedChannel$FailingCall.start(AxonServerManagedChannel.java:413) ~[axonserver-connector-java-4.6.3.jar:4.6.3]
	at io.grpc.stub.ClientCalls.startCall(ClientCalls.java:341) ~[grpc-stub-1.50.2.jar:1.50.2]
	at io.grpc.stub.ClientCalls.asyncUnaryRequestCall(ClientCalls.java:315) ~[grpc-stub-1.50.2.jar:1.50.2]
	at io.grpc.stub.ClientCalls.asyncUnaryRequestCall(ClientCalls.java:303) ~[grpc-stub-1.50.2.jar:1.50.2]
	at io.grpc.stub.ClientCalls.asyncUnaryCall(ClientCalls.java:76) ~[grpc-stub-1.50.2.jar:1.50.2]
	at io.axoniq.axonserver.grpc.event.EventStoreGrpc$EventStoreStub.getFirstToken(EventStoreGrpc.java:670) ~[axonserver-connector-java-4.6.3.jar:4.6.3]
	at io.axoniq.axonserver.connector.event.impl.EventChannelImpl.getFirstToken(EventChannelImpl.java:256) ~[axonserver-connector-java-4.6.3.jar:4.6.3]
	at org.axonframework.axonserver.connector.event.axon.AxonServerEventStore$AxonIQEventStorageEngine.createTailToken(AxonServerEventStore.java:597) ~[axon-server-connector-4.6.3.jar:4.6.3]
	... 5 common frames omitted

2023-03-08 11:14:23.289  INFO 15700 --- [EventProcessor[com.example.estore.ordersservice.query]-0] o.a.e.TrackingEventProcessor             : Fetching Segments for Processor 'com.example.estore.ordersservice.query' still failing: io.grpc.StatusRuntimeException: UNAVAILABLE. Preparing for retry in 2s
2023-03-08 11:14:23.489  WARN 15700 --- [SpringApplicationShutdownHook] o.s.c.support.DefaultLifecycleProcessor  : Failed to stop bean 'springAxonConfiguration'

org.axonframework.common.ProcessRetriesExhaustedException: Tried invoking the action for 100 times, without the result being true
	at org.axonframework.common.ProcessUtils.executeUntilTrue(ProcessUtils.java:68) ~[axon-messaging-4.6.3.jar:4.6.3]
	at org.axonframework.eventhandling.TrackingEventProcessor.awaitTermination(TrackingEventProcessor.java:731) ~[axon-messaging-4.6.3.jar:4.6.3]
	at org.axonframework.eventhandling.TrackingEventProcessor.shutdownAsync(TrackingEventProcessor.java:716) ~[axon-messaging-4.6.3.jar:4.6.3]
	at java.base/java.util.stream.ReferencePipeline$3$1.accept(ReferencePipeline.java:195) ~[na:na]
	at java.base/java.util.Spliterators$ArraySpliterator.forEachRemaining(Spliterators.java:948) ~[na:na]
	at java.base/java.util.stream.AbstractPipeline.copyInto(AbstractPipeline.java:484) ~[na:na]
	at java.base/java.util.stream.AbstractPipeline.wrapAndCopyInto(AbstractPipeline.java:474) ~[na:na]
	at java.base/java.util.stream.ReduceOps$ReduceOp.evaluateSequential(ReduceOps.java:913) ~[na:na]
	at java.base/java.util.stream.AbstractPipeline.evaluate(AbstractPipeline.java:234) ~[na:na]
	at java.base/java.util.stream.ReferencePipeline.reduce(ReferencePipeline.java:558) ~[na:na]
	at org.axonframework.config.DefaultConfigurer.invokeLifecycleHandlers(DefaultConfigurer.java:856) ~[axon-configuration-4.6.3.jar:4.6.3]
	at org.axonframework.config.DefaultConfigurer.invokeShutdownHandlers(DefaultConfigurer.java:828) ~[axon-configuration-4.6.3.jar:4.6.3]
	at org.axonframework.config.DefaultConfigurer$ConfigurationImpl.shutdown(DefaultConfigurer.java:958) ~[axon-configuration-4.6.3.jar:4.6.3]
	at org.axonframework.spring.config.SpringAxonConfiguration.stop(SpringAxonConfiguration.java:85) ~[axon-spring-4.6.3.jar:4.6.3]
	at org.springframework.context.SmartLifecycle.stop(SmartLifecycle.java:117) ~[spring-context-5.3.10.jar:5.3.10]
	at org.springframework.context.support.DefaultLifecycleProcessor.doStop(DefaultLifecycleProcessor.java:234) ~[spring-context-5.3.10.jar:5.3.10]
	at org.springframework.context.support.DefaultLifecycleProcessor.access$300(DefaultLifecycleProcessor.java:54) ~[spring-context-5.3.10.jar:5.3.10]
	at org.springframework.context.support.DefaultLifecycleProcessor$LifecycleGroup.stop(DefaultLifecycleProcessor.java:373) ~[spring-context-5.3.10.jar:5.3.10]
	at org.springframework.context.support.DefaultLifecycleProcessor.stopBeans(DefaultLifecycleProcessor.java:206) ~[spring-context-5.3.10.jar:5.3.10]
	at org.springframework.context.support.DefaultLifecycleProcessor.onClose(DefaultLifecycleProcessor.java:129) ~[spring-context-5.3.10.jar:5.3.10]
	at org.springframework.context.support.AbstractApplicationContext.doClose(AbstractApplicationContext.java:1067) ~[spring-context-5.3.10.jar:5.3.10]
	at org.springframework.boot.web.servlet.context.ServletWebServerApplicationContext.doClose(ServletWebServerApplicationContext.java:172) ~[spring-boot-2.5.5.jar:2.5.5]
	at org.springframework.context.support.AbstractApplicationContext.close(AbstractApplicationContext.java:1021) ~[spring-context-5.3.10.jar:5.3.10]
	at org.springframework.boot.SpringApplicationShutdownHook.closeAndWait(SpringApplicationShutdownHook.java:137) ~[spring-boot-2.5.5.jar:2.5.5]
	at java.base/java.lang.Iterable.forEach(Iterable.java:75) ~[na:na]
	at org.springframework.boot.SpringApplicationShutdownHook.run(SpringApplicationShutdownHook.java:106) ~[spring-boot-2.5.5.jar:2.5.5]
	at java.base/java.lang.Thread.run(Thread.java:834) ~[na:na]

2023-03-08 11:14:23.693  WARN 15700 --- [axon-connector-15700@TC18039556-0] i.a.a.c.impl.AxonServerManagedChannel    : Connecting to AxonServer node [localhost:8124] failed: DEADLINE_EXCEEDED: deadline exceeded after 4.998010200s. [closed=[], open=[[buffered_nanos=5012085100, waiting_for_connection]]]
2023-03-08 11:14:23.694  INFO 15700 --- [axon-connector-15700@TC18039556-0] i.a.a.c.impl.AxonServerManagedChannel    : Failed to get connection to AxonServer. Scheduling a reconnect in 2000ms
2023-03-08 11:14:24.056  INFO 15700 --- [axon-connector-15700@TC18039556-1] i.a.a.c.impl.AxonServerManagedChannel    : Requesting connection details from localhost:8124
2023-03-08 11:14:25.506  INFO 15700 --- [EventProcessor[com.example.estore.ordersservice.query]-0] o.a.e.TrackingEventProcessor             : Fetching Segments for Processor 'com.example.estore.ordersservice.query' still failing: io.grpc.StatusRuntimeException: UNAVAILABLE. Preparing for retry in 4s
2023-03-08 11:14:25.816  INFO 15700 --- [DiscoveryClient-InstanceInfoReplicator-0] c.n.d.s.t.d.RedirectingEurekaHttpClient  : Request execution error. endpoint=DefaultEndpoint{ serviceUrl='http://localhost:8761/eureka/}, exception=I/O error on POST request for "http://localhost:8761/eureka/apps/ORDERS-SERVICE": Connect to localhost:8761 [localhost/127.0.0.1, localhost/0:0:0:0:0:0:0:1] failed: Connection refused: connect; nested exception is org.apache.http.conn.HttpHostConnectException: Connect to localhost:8761 [localhost/127.0.0.1, localhost/0:0:0:0:0:0:0:1] failed: Connection refused: connect stacktrace=org.springframework.web.client.ResourceAccessException: I/O error on POST request for "http://localhost:8761/eureka/apps/ORDERS-SERVICE": Connect to localhost:8761 [localhost/127.0.0.1, localhost/0:0:0:0:0:0:0:1] failed: Connection refused: connect; nested exception is org.apache.http.conn.HttpHostConnectException: Connect to localhost:8761 [localhost/127.0.0.1, localhost/0:0:0:0:0:0:0:1] failed: Connection refused: connect
	at org.springframework.web.client.RestTemplate.doExecute(RestTemplate.java:785)
	at org.springframework.web.client.RestTemplate.execute(RestTemplate.java:711)
	at org.springframework.web.client.RestTemplate.exchange(RestTemplate.java:602)
	at org.springframework.cloud.netflix.eureka.http.RestTemplateEurekaHttpClient.register(RestTemplateEurekaHttpClient.java:77)
	at com.netflix.discovery.shared.transport.decorator.EurekaHttpClientDecorator$1.execute(EurekaHttpClientDecorator.java:59)
	at com.netflix.discovery.shared.transport.decorator.RedirectingEurekaHttpClient.executeOnNewServer(RedirectingEurekaHttpClient.java:121)
	at com.netflix.discovery.shared.transport.decorator.RedirectingEurekaHttpClient.execute(RedirectingEurekaHttpClient.java:80)
	at com.netflix.discovery.shared.transport.decorator.EurekaHttpClientDecorator.register(EurekaHttpClientDecorator.java:56)
	at com.netflix.discovery.shared.transport.decorator.EurekaHttpClientDecorator$1.execute(EurekaHttpClientDecorator.java:59)
	at com.netflix.discovery.shared.transport.decorator.RetryableEurekaHttpClient.execute(RetryableEurekaHttpClient.java:120)
	at com.netflix.discovery.shared.transport.decorator.EurekaHttpClientDecorator.register(EurekaHttpClientDecorator.java:56)
	at com.netflix.discovery.shared.transport.decorator.EurekaHttpClientDecorator$1.execute(EurekaHttpClientDecorator.java:59)
	at com.netflix.discovery.shared.transport.decorator.SessionedEurekaHttpClient.execute(SessionedEurekaHttpClient.java:77)
	at com.netflix.discovery.shared.transport.decorator.EurekaHttpClientDecorator.register(EurekaHttpClientDecorator.java:56)
	at com.netflix.discovery.DiscoveryClient.register(DiscoveryClient.java:876)
	at com.netflix.discovery.InstanceInfoReplicator.run(InstanceInfoReplicator.java:121)
	at com.netflix.discovery.InstanceInfoReplicator$1.run(InstanceInfoReplicator.java:101)
	at java.base/java.util.concurrent.Executors$RunnableAdapter.call(Executors.java:515)
	at java.base/java.util.concurrent.FutureTask.run$$$capture(FutureTask.java:264)
	at java.base/java.util.concurrent.FutureTask.run(FutureTask.java)
	at java.base/java.util.concurrent.ScheduledThreadPoolExecutor$ScheduledFutureTask.run(ScheduledThreadPoolExecutor.java:304)
	at java.base/java.util.concurrent.ThreadPoolExecutor.runWorker(ThreadPoolExecutor.java:1128)
	at java.base/java.util.concurrent.ThreadPoolExecutor$Worker.run(ThreadPoolExecutor.java:628)
	at java.base/java.lang.Thread.run(Thread.java:834)
Caused by: org.apache.http.conn.HttpHostConnectException: Connect to localhost:8761 [localhost/127.0.0.1, localhost/0:0:0:0:0:0:0:1] failed: Connection refused: connect
	at org.apache.http.impl.conn.DefaultHttpClientConnectionOperator.connect(DefaultHttpClientConnectionOperator.java:156)
	at org.apache.http.impl.conn.PoolingHttpClientConnectionManager.connect(PoolingHttpClientConnectionManager.java:376)
	at org.apache.http.impl.execchain.MainClientExec.establishRoute(MainClientExec.java:393)
	at org.apache.http.impl.execchain.MainClientExec.execute(MainClientExec.java:236)
	at org.apache.http.impl.execchain.ProtocolExec.execute(ProtocolExec.java:186)
	at org.apache.http.impl.execchain.RetryExec.execute(RetryExec.java:89)
	at org.apache.http.impl.execchain.RedirectExec.execute(RedirectExec.java:110)
	at org.apache.http.impl.client.InternalHttpClient.doExecute(InternalHttpClient.java:185)
	at org.apache.http.impl.client.CloseableHttpClient.execute(CloseableHttpClient.java:83)
	at org.apache.http.impl.client.CloseableHttpClient.execute(CloseableHttpClient.java:56)
	at org.springframework.http.client.HttpComponentsClientHttpRequest.executeInternal(HttpComponentsClientHttpRequest.java:87)
	at org.springframework.http.client.AbstractBufferingClientHttpRequest.executeInternal(AbstractBufferingClientHttpRequest.java:48)
	at org.springframework.http.client.AbstractClientHttpRequest.execute(AbstractClientHttpRequest.java:66)
	at org.springframework.web.client.RestTemplate.doExecute(RestTemplate.java:776)
	... 23 more
Caused by: java.net.ConnectException: Connection refused: connect
	at java.base/java.net.PlainSocketImpl.connect0(Native Method)
	at java.base/java.net.PlainSocketImpl.socketConnect(PlainSocketImpl.java:101)
	at java.base/java.net.AbstractPlainSocketImpl.doConnect(AbstractPlainSocketImpl.java:399)
	at java.base/java.net.AbstractPlainSocketImpl.connectToAddress(AbstractPlainSocketImpl.java:242)
	at java.base/java.net.AbstractPlainSocketImpl.connect(AbstractPlainSocketImpl.java:224)
	at java.base/java.net.SocksSocketImpl.connect(SocksSocketImpl.java:403)
	at java.base/java.net.Socket.connect(Socket.java:608)
	at org.apache.http.conn.socket.PlainConnectionSocketFactory.connectSocket(PlainConnectionSocketFactory.java:75)
	at org.apache.http.impl.conn.DefaultHttpClientConnectionOperator.connect(DefaultHttpClientConnectionOperator.java:142)
	... 36 more

2023-03-08 11:14:25.817  WARN 15700 --- [DiscoveryClient-InstanceInfoReplicator-0] c.n.d.s.t.d.RetryableEurekaHttpClient    : Request execution failed with message: I/O error on POST request for "http://localhost:8761/eureka/apps/ORDERS-SERVICE": Connect to localhost:8761 [localhost/127.0.0.1, localhost/0:0:0:0:0:0:0:1] failed: Connection refused: connect; nested exception is org.apache.http.conn.HttpHostConnectException: Connect to localhost:8761 [localhost/127.0.0.1, localhost/0:0:0:0:0:0:0:1] failed: Connection refused: connect
2023-03-08 11:14:25.818  WARN 15700 --- [DiscoveryClient-InstanceInfoReplicator-0] com.netflix.discovery.DiscoveryClient    : DiscoveryClient_ORDERS-SERVICE/orders-service:0748d0e848c1db56c71f5783345cb219 - registration failed Cannot execute request on any known server

com.netflix.discovery.shared.transport.TransportException: Cannot execute request on any known server
	at com.netflix.discovery.shared.transport.decorator.RetryableEurekaHttpClient.execute(RetryableEurekaHttpClient.java:112) ~[eureka-client-1.10.14.jar:1.10.14]
	at com.netflix.discovery.shared.transport.decorator.EurekaHttpClientDecorator.register(EurekaHttpClientDecorator.java:56) ~[eureka-client-1.10.14.jar:1.10.14]
	at com.netflix.discovery.shared.transport.decorator.EurekaHttpClientDecorator$1.execute(EurekaHttpClientDecorator.java:59) ~[eureka-client-1.10.14.jar:1.10.14]
	at com.netflix.discovery.shared.transport.decorator.SessionedEurekaHttpClient.execute(SessionedEurekaHttpClient.java:77) ~[eureka-client-1.10.14.jar:1.10.14]
	at com.netflix.discovery.shared.transport.decorator.EurekaHttpClientDecorator.register(EurekaHttpClientDecorator.java:56) ~[eureka-client-1.10.14.jar:1.10.14]
	at com.netflix.discovery.DiscoveryClient.register(DiscoveryClient.java:876) ~[eureka-client-1.10.14.jar:1.10.14]
	at com.netflix.discovery.InstanceInfoReplicator.run(InstanceInfoReplicator.java:121) ~[eureka-client-1.10.14.jar:1.10.14]
	at com.netflix.discovery.InstanceInfoReplicator$1.run(InstanceInfoReplicator.java:101) ~[eureka-client-1.10.14.jar:1.10.14]
	at java.base/java.util.concurrent.Executors$RunnableAdapter.call(Executors.java:515) ~[na:na]
	at java.base/java.util.concurrent.FutureTask.run$$$capture(FutureTask.java:264) ~[na:na]
	at java.base/java.util.concurrent.FutureTask.run(FutureTask.java) ~[na:na]
	at java.base/java.util.concurrent.ScheduledThreadPoolExecutor$ScheduledFutureTask.run(ScheduledThreadPoolExecutor.java:304) ~[na:na]
	at java.base/java.util.concurrent.ThreadPoolExecutor.runWorker(ThreadPoolExecutor.java:1128) ~[na:na]
	at java.base/java.util.concurrent.ThreadPoolExecutor$Worker.run(ThreadPoolExecutor.java:628) ~[na:na]
	at java.base/java.lang.Thread.run(Thread.java:834) ~[na:na]

2023-03-08 11:14:25.819  WARN 15700 --- [DiscoveryClient-InstanceInfoReplicator-0] c.n.discovery.InstanceInfoReplicator     : There was a problem with the instance info replicator

com.netflix.discovery.shared.transport.TransportException: Cannot execute request on any known server
	at com.netflix.discovery.shared.transport.decorator.RetryableEurekaHttpClient.execute(RetryableEurekaHttpClient.java:112) ~[eureka-client-1.10.14.jar:1.10.14]
	at com.netflix.discovery.shared.transport.decorator.EurekaHttpClientDecorator.register(EurekaHttpClientDecorator.java:56) ~[eureka-client-1.10.14.jar:1.10.14]
	at com.netflix.discovery.shared.transport.decorator.EurekaHttpClientDecorator$1.execute(EurekaHttpClientDecorator.java:59) ~[eureka-client-1.10.14.jar:1.10.14]
	at com.netflix.discovery.shared.transport.decorator.SessionedEurekaHttpClient.execute(SessionedEurekaHttpClient.java:77) ~[eureka-client-1.10.14.jar:1.10.14]
	at com.netflix.discovery.shared.transport.decorator.EurekaHttpClientDecorator.register(EurekaHttpClientDecorator.java:56) ~[eureka-client-1.10.14.jar:1.10.14]
	at com.netflix.discovery.DiscoveryClient.register(DiscoveryClient.java:876) ~[eureka-client-1.10.14.jar:1.10.14]
	at com.netflix.discovery.InstanceInfoReplicator.run(InstanceInfoReplicator.java:121) ~[eureka-client-1.10.14.jar:1.10.14]
	at com.netflix.discovery.InstanceInfoReplicator$1.run(InstanceInfoReplicator.java:101) ~[eureka-client-1.10.14.jar:1.10.14]
	at java.base/java.util.concurrent.Executors$RunnableAdapter.call(Executors.java:515) ~[na:na]
	at java.base/java.util.concurrent.FutureTask.run$$$capture(FutureTask.java:264) ~[na:na]
	at java.base/java.util.concurrent.FutureTask.run(FutureTask.java) ~[na:na]
	at java.base/java.util.concurrent.ScheduledThreadPoolExecutor$ScheduledFutureTask.run(ScheduledThreadPoolExecutor.java:304) ~[na:na]
	at java.base/java.util.concurrent.ThreadPoolExecutor.runWorker(ThreadPoolExecutor.java:1128) ~[na:na]
	at java.base/java.util.concurrent.ThreadPoolExecutor$Worker.run(ThreadPoolExecutor.java:628) ~[na:na]
	at java.base/java.lang.Thread.run(Thread.java:834) ~[na:na]

2023-03-08 11:14:26.069  INFO 15700 --- [axon-connector-15700@TC18039556-0] i.a.a.c.impl.AxonServerManagedChannel    : Requesting connection details from localhost:8124
2023-03-08 11:14:27.067  WARN 15700 --- [EventProcessor[OrderSagaProcessor]-0] i.a.a.c.impl.AxonServerManagedChannel    : Connecting to AxonServer node [localhost:8124] failed: DEADLINE_EXCEEDED: deadline exceeded after 4.982006900s. [closed=[], open=[[buffered_nanos=4993501100, waiting_for_connection]]]
2023-03-08 11:14:27.067  INFO 15700 --- [EventProcessor[OrderSagaProcessor]-0] i.a.a.c.impl.AxonServerManagedChannel    : Failed to get connection to AxonServer. Scheduling a reconnect in 2000ms
2023-03-08 11:14:27.069  WARN 15700 --- [EventProcessor[OrderSagaProcessor]-0] o.a.e.TrackingEventProcessor             : Fetch Segments for Processor 'OrderSagaProcessor' failed: io.grpc.StatusRuntimeException: UNAVAILABLE. Preparing for retry in 1s

org.axonframework.eventsourcing.eventstore.EventStoreException: io.grpc.StatusRuntimeException: UNAVAILABLE
	at org.axonframework.axonserver.connector.event.axon.AxonServerEventStore$AxonIQEventStorageEngine.createHeadToken(AxonServerEventStore.java:620) ~[axon-server-connector-4.6.3.jar:4.6.3]
	at org.axonframework.eventsourcing.eventstore.AbstractEventStore.createHeadToken(AbstractEventStore.java:176) ~[axon-eventsourcing-4.6.3.jar:4.6.3]
	at org.axonframework.eventhandling.TrackingEventProcessor$WorkerLauncher.lambda$run$1(TrackingEventProcessor.java:1218) ~[axon-messaging-4.6.3.jar:4.6.3]
	at org.axonframework.common.transaction.TransactionManager.executeInTransaction(TransactionManager.java:47) ~[axon-messaging-4.6.3.jar:4.6.3]
	at org.axonframework.eventhandling.TrackingEventProcessor$WorkerLauncher.run(TrackingEventProcessor.java:1216) ~[axon-messaging-4.6.3.jar:4.6.3]
	at java.base/java.lang.Thread.run(Thread.java:834) ~[na:na]
Caused by: java.util.concurrent.ExecutionException: io.grpc.StatusRuntimeException: UNAVAILABLE
	at java.base/java.util.concurrent.CompletableFuture.reportGet(CompletableFuture.java:395) ~[na:na]
	at java.base/java.util.concurrent.CompletableFuture.get(CompletableFuture.java:2022) ~[na:na]
	at org.axonframework.axonserver.connector.event.axon.AxonServerEventStore$AxonIQEventStorageEngine.createHeadToken(AxonServerEventStore.java:614) ~[axon-server-connector-4.6.3.jar:4.6.3]
	... 5 common frames omitted
Caused by: io.grpc.StatusRuntimeException: UNAVAILABLE
	at io.grpc.Status.asRuntimeException(Status.java:539) ~[grpc-api-1.50.2.jar:1.50.2]
	at io.grpc.stub.ClientCalls$StreamObserverToCallListenerAdapter.onClose(ClientCalls.java:487) ~[grpc-stub-1.50.2.jar:1.50.2]
	at io.axoniq.axonserver.connector.impl.AxonServerManagedChannel$FailingCall.start(AxonServerManagedChannel.java:413) ~[axonserver-connector-java-4.6.3.jar:4.6.3]
	at io.grpc.stub.ClientCalls.startCall(ClientCalls.java:341) ~[grpc-stub-1.50.2.jar:1.50.2]
	at io.grpc.stub.ClientCalls.asyncUnaryRequestCall(ClientCalls.java:315) ~[grpc-stub-1.50.2.jar:1.50.2]
	at io.grpc.stub.ClientCalls.asyncUnaryRequestCall(ClientCalls.java:303) ~[grpc-stub-1.50.2.jar:1.50.2]
	at io.grpc.stub.ClientCalls.asyncUnaryCall(ClientCalls.java:76) ~[grpc-stub-1.50.2.jar:1.50.2]
	at io.axoniq.axonserver.grpc.event.EventStoreGrpc$EventStoreStub.getLastToken(EventStoreGrpc.java:681) ~[axonserver-connector-java-4.6.3.jar:4.6.3]
	at io.axoniq.axonserver.connector.event.impl.EventChannelImpl.getLastToken(EventChannelImpl.java:249) ~[axonserver-connector-java-4.6.3.jar:4.6.3]
	at org.axonframework.axonserver.connector.event.axon.AxonServerEventStore$AxonIQEventStorageEngine.createHeadToken(AxonServerEventStore.java:613) ~[axon-server-connector-4.6.3.jar:4.6.3]
	... 5 common frames omitted

2023-03-08 11:14:29.071  WARN 15700 --- [axon-connector-15700@TC18039556-1] i.a.a.c.impl.AxonServerManagedChannel    : Connecting to AxonServer node [localhost:8124] failed: DEADLINE_EXCEEDED: deadline exceeded after 4.998649900s. [closed=[], open=[[buffered_nanos=5011402100, waiting_for_connection]]]
2023-03-08 11:14:29.071  INFO 15700 --- [axon-connector-15700@TC18039556-1] i.a.a.c.impl.AxonServerManagedChannel    : Failed to get connection to AxonServer. Scheduling a reconnect in 2000ms
2023-03-08 11:14:29.072  INFO 15700 --- [axon-connector-15700@TC18039556-1] i.a.a.c.impl.AxonServerManagedChannel    : Requesting connection details from localhost:8124
2023-03-08 11:14:29.690  INFO 15700 --- [EventProcessor[com.example.estore.ordersservice.query]-0] o.a.e.TrackingEventProcessor             : Fetching Segments for Processor 'com.example.estore.ordersservice.query' still failing: io.grpc.StatusRuntimeException: UNAVAILABLE. Preparing for retry in 8s
2023-03-08 11:14:31.076  WARN 15700 --- [axon-connector-15700@TC18039556-0] i.a.a.c.impl.AxonServerManagedChannel    : Connecting to AxonServer node [localhost:8124] failed: DEADLINE_EXCEEDED: deadline exceeded after 4.998112500s. [closed=[], open=[[buffered_nanos=5003369400, waiting_for_connection]]]
2023-03-08 11:14:31.076  INFO 15700 --- [axon-connector-15700@TC18039556-0] i.a.a.c.impl.AxonServerManagedChannel    : Failed to get connection to AxonServer. Scheduling a reconnect in 2000ms
2023-03-08 11:14:31.078  INFO 15700 --- [axon-connector-15700@TC18039556-0] i.a.a.c.impl.AxonServerManagedChannel    : Requesting connection details from localhost:8124
2023-03-08 11:14:34.074  WARN 15700 --- [axon-connector-15700@TC18039556-1] i.a.a.c.impl.AxonServerManagedChannel    : Connecting to AxonServer node [localhost:8124] failed: DEADLINE_EXCEEDED: deadline exceeded after 4.998120600s. [closed=[], open=[[buffered_nanos=4998428700, waiting_for_connection]]]
