2023-03-07 16:32:05.515  INFO 24340 --- [main] c.e.e.o.OrdersServiceApplicationTests    : Starting OrdersServiceApplicationTests using Java 11.0.8 on TC18039556 with PID 24340 (started by TCIUNLU in C:\Users\TCIUNLU\Desktop\Spring\projects\cqrs\OrdersService)
2023-03-07 16:32:05.517  INFO 24340 --- [main] c.e.e.o.OrdersServiceApplicationTests    : No active profile set, falling back to default profiles: default
2023-03-07 16:32:07.160  INFO 24340 --- [main] .s.d.r.c.RepositoryConfigurationDelegate : Bootstrapping Spring Data JPA repositories in DEFAULT mode.
2023-03-07 16:32:07.524  INFO 24340 --- [main] .s.d.r.c.RepositoryConfigurationDelegate : Finished Spring Data repository scanning in 353 ms. Found 1 JPA repository interfaces.
2023-03-07 16:32:07.906  INFO 24340 --- [main] o.s.cloud.context.scope.GenericScope     : BeanFactory id=da1ba5fd-e103-30ba-9a81-d2cb10049d1e
2023-03-07 16:32:09.090  INFO 24340 --- [main] o.hibernate.jpa.internal.util.LogHelper  : HHH000204: Processing PersistenceUnitInfo [name: default]
2023-03-07 16:32:09.213  INFO 24340 --- [main] org.hibernate.Version                    : HHH000412: Hibernate ORM core version 5.4.32.Final
2023-03-07 16:32:09.464  INFO 24340 --- [main] o.hibernate.annotations.common.Version   : HCANN000001: Hibernate Commons Annotations {5.1.2.Final}
2023-03-07 16:32:10.898  INFO 24340 --- [main] com.zaxxer.hikari.HikariDataSource       : HikariPool-1 - Starting...
2023-03-07 16:32:11.743  INFO 24340 --- [main] com.zaxxer.hikari.HikariDataSource       : HikariPool-1 - Start completed.
2023-03-07 16:32:11.768  INFO 24340 --- [main] org.hibernate.dialect.Dialect            : HHH000400: Using dialect: org.hibernate.dialect.PostgreSQLDialect
2023-03-07 16:32:38.207  INFO 24340 --- [main] o.h.e.t.j.p.i.JtaPlatformInitiator       : HHH000490: Using JtaPlatform implementation: [org.hibernate.engine.transaction.jta.platform.internal.NoJtaPlatform]
2023-03-07 16:32:38.230  INFO 24340 --- [main] j.LocalContainerEntityManagerFactoryBean : Initialized JPA EntityManagerFactory for persistence unit 'default'
2023-03-07 16:32:38.706  INFO 24340 --- [main] o.a.s.a.XStreamAutoConfiguration         : Initializing an XStream instance since none was found. The auto configuration base packages will be used as wildcards for the XStream security settings.
2023-03-07 16:32:39.024  INFO 24340 --- [main] o.a.s.util.XStreamSecurityTypeUtility    : Constructing wildcard type for base package [com.example.estore.ordersservice].
2023-03-07 16:32:39.037  INFO 24340 --- [main] o.a.s.util.XStreamSecurityTypeUtility    : Constructing wildcard type for base package [org.axonframework.eventhandling.tokenstore].
2023-03-07 16:32:39.055  INFO 24340 --- [main] o.a.s.util.XStreamSecurityTypeUtility    : Constructing wildcard type for base package [org.axonframework.eventhandling.deadletter.jpa].
2023-03-07 16:32:39.069  INFO 24340 --- [main] o.a.s.util.XStreamSecurityTypeUtility    : Constructing wildcard type for base package [org.axonframework.modelling.saga.repository.jpa].
2023-03-07 16:32:39.079  INFO 24340 --- [main] o.a.s.util.XStreamSecurityTypeUtility    : Constructing wildcard type for base package [org.axonframework.eventsourcing.eventstore.jpa].
2023-03-07 16:32:39.189  INFO 24340 --- [main] o.a.serialization.ChainingConverter      : ContentTypeConverter of type [class org.axonframework.serialization.xml.XomToStringConverter] is ignored. It seems to rely on a class that is not available in the class loader: nu/xom/Document
2023-03-07 16:32:39.205  INFO 24340 --- [main] o.a.serialization.ChainingConverter      : ContentTypeConverter of type [class org.axonframework.serialization.xml.InputStreamToXomConverter] is ignored. It seems to rely on a class that is not available in the class loader: nu/xom/ParsingException
2023-03-07 16:32:40.804  WARN 24340 --- [main] JpaBaseConfiguration$JpaWebConfiguration : spring.jpa.open-in-view is enabled by default. Therefore, database queries may be performed during view rendering. Explicitly configure spring.jpa.open-in-view to disable this warning
2023-03-07 16:32:47.184  INFO 24340 --- [main] DiscoveryClientOptionalArgsConfiguration : Eureka HTTP Client uses RestTemplate.
2023-03-07 16:32:50.286  WARN 24340 --- [main] iguration$LoadBalancerCaffeineWarnLogger : Spring Cloud LoadBalancer is currently working with the default cache. You can switch to using Caffeine cache, by adding it and org.springframework.cache.caffeine.CaffeineCacheManager to the classpath.
2023-03-07 16:32:52.003  INFO 24340 --- [main] i.a.a.c.impl.AxonServerManagedChannel    : Requesting connection details from localhost:8124
2023-03-07 16:32:57.064  WARN 24340 --- [main] i.a.a.c.impl.AxonServerManagedChannel    : Connecting to AxonServer node [localhost:8124] failed.

io.grpc.StatusRuntimeException: DEADLINE_EXCEEDED: deadline exceeded after 4.915920000s. [closed=[], open=[[buffered_nanos=4929372400, waiting_for_connection]]]
	at io.grpc.stub.ClientCalls.toStatusRuntimeException(ClientCalls.java:271) ~[grpc-stub-1.50.2.jar:1.50.2]
	at io.grpc.stub.ClientCalls.getUnchecked(ClientCalls.java:252) ~[grpc-stub-1.50.2.jar:1.50.2]
	at io.grpc.stub.ClientCalls.blockingUnaryCall(ClientCalls.java:165) ~[grpc-stub-1.50.2.jar:1.50.2]
	at io.axoniq.axonserver.grpc.control.PlatformServiceGrpc$PlatformServiceBlockingStub.getPlatformServer(PlatformServiceGrpc.java:250) ~[axonserver-connector-java-4.6.3.jar:4.6.3]
	at io.axoniq.axonserver.connector.impl.AxonServerManagedChannel.connectChannel(AxonServerManagedChannel.java:115) ~[axonserver-connector-java-4.6.3.jar:4.6.3]
	at io.axoniq.axonserver.connector.impl.AxonServerManagedChannel.createConnection(AxonServerManagedChannel.java:335) ~[axonserver-connector-java-4.6.3.jar:4.6.3]
	at io.axoniq.axonserver.connector.impl.AxonServerManagedChannel.ensureConnected(AxonServerManagedChannel.java:300) ~[axonserver-connector-java-4.6.3.jar:4.6.3]
	at io.axoniq.axonserver.connector.impl.AxonServerManagedChannel.getState(AxonServerManagedChannel.java:227) ~[axonserver-connector-java-4.6.3.jar:4.6.3]
	at io.axoniq.axonserver.connector.impl.ContextConnection.ensureConnected(ContextConnection.java:221) ~[axonserver-connector-java-4.6.3.jar:4.6.3]
	at io.axoniq.axonserver.connector.impl.ContextConnection.connect(ContextConnection.java:158) ~[axonserver-connector-java-4.6.3.jar:4.6.3]
	at io.axoniq.axonserver.connector.AxonServerConnectionFactory.connect(AxonServerConnectionFactory.java:166) ~[axonserver-connector-java-4.6.3.jar:4.6.3]
	at org.axonframework.axonserver.connector.AxonServerConnectionManager.createConnection(AxonServerConnectionManager.java:130) ~[axon-server-connector-4.6.3.jar:4.6.3]
	at java.base/java.util.concurrent.ConcurrentHashMap.computeIfAbsent(ConcurrentHashMap.java:1705) ~[na:na]
	at org.axonframework.axonserver.connector.AxonServerConnectionManager.getConnection(AxonServerConnectionManager.java:126) ~[axon-server-connector-4.6.3.jar:4.6.3]
	at org.axonframework.axonserver.connector.command.AxonServerCommandBus.subscribe(AxonServerCommandBus.java:213) ~[axon-server-connector-4.6.3.jar:4.6.3]
	at org.axonframework.modelling.command.AggregateAnnotationCommandHandler.lambda$null$0(AggregateAnnotationCommandHandler.java:138) ~[axon-modelling-4.6.3.jar:4.6.3]
	at java.base/java.util.stream.ReferencePipeline$3$1.accept(ReferencePipeline.java:195) ~[na:na]
	at java.base/java.util.HashMap$KeySpliterator.forEachRemaining(HashMap.java:1603) ~[na:na]
	at java.base/java.util.stream.AbstractPipeline.copyInto(AbstractPipeline.java:484) ~[na:na]
	at java.base/java.util.stream.AbstractPipeline.wrapAndCopyInto(AbstractPipeline.java:474) ~[na:na]
	at java.base/java.util.stream.ForEachOps$ForEachOp.evaluateSequential(ForEachOps.java:150) ~[na:na]
	at java.base/java.util.stream.ForEachOps$ForEachOp$OfRef.evaluateSequential(ForEachOps.java:173) ~[na:na]
	at java.base/java.util.stream.AbstractPipeline.evaluate(AbstractPipeline.java:234) ~[na:na]
	at java.base/java.util.stream.ReferencePipeline.forEach(ReferencePipeline.java:497) ~[na:na]
	at java.base/java.util.stream.ReferencePipeline$7$1.accept(ReferencePipeline.java:274) ~[na:na]
	at java.base/java.util.HashMap$EntrySpliterator.forEachRemaining(HashMap.java:1746) ~[na:na]
	at java.base/java.util.stream.AbstractPipeline.copyInto(AbstractPipeline.java:484) ~[na:na]
	at java.base/java.util.stream.AbstractPipeline.wrapAndCopyInto(AbstractPipeline.java:474) ~[na:na]
	at java.base/java.util.stream.ReduceOps$ReduceOp.evaluateSequential(ReduceOps.java:913) ~[na:na]
	at java.base/java.util.stream.AbstractPipeline.evaluate(AbstractPipeline.java:234) ~[na:na]
	at java.base/java.util.stream.ReferencePipeline.collect(ReferencePipeline.java:578) ~[na:na]
	at org.axonframework.modelling.command.AggregateAnnotationCommandHandler.subscribe(AggregateAnnotationCommandHandler.java:141) ~[axon-modelling-4.6.3.jar:4.6.3]
	at org.axonframework.config.AggregateConfigurer.lambda$initialize$34(AggregateConfigurer.java:453) ~[axon-configuration-4.6.3.jar:4.6.3]
	at org.axonframework.config.LifecycleOperations.lambda$onStart$0(LifecycleOperations.java:62) ~[axon-configuration-4.6.3.jar:4.6.3]
	at java.base/java.util.stream.ReferencePipeline$3$1.accept(ReferencePipeline.java:195) ~[na:na]
	at java.base/java.util.Spliterators$ArraySpliterator.forEachRemaining(Spliterators.java:948) ~[na:na]
	at java.base/java.util.stream.AbstractPipeline.copyInto(AbstractPipeline.java:484) ~[na:na]
	at java.base/java.util.stream.AbstractPipeline.wrapAndCopyInto(AbstractPipeline.java:474) ~[na:na]
	at java.base/java.util.stream.ReduceOps$ReduceOp.evaluateSequential(ReduceOps.java:913) ~[na:na]
	at java.base/java.util.stream.AbstractPipeline.evaluate(AbstractPipeline.java:234) ~[na:na]
	at java.base/java.util.stream.ReferencePipeline.reduce(ReferencePipeline.java:558) ~[na:na]
	at org.axonframework.config.DefaultConfigurer.invokeLifecycleHandlers(DefaultConfigurer.java:856) ~[axon-configuration-4.6.3.jar:4.6.3]
	at org.axonframework.config.DefaultConfigurer.invokeStartHandlers(DefaultConfigurer.java:802) ~[axon-configuration-4.6.3.jar:4.6.3]
	at org.axonframework.config.DefaultConfigurer$ConfigurationImpl.start(DefaultConfigurer.java:953) ~[axon-configuration-4.6.3.jar:4.6.3]
	at org.axonframework.spring.config.SpringAxonConfiguration.start(SpringAxonConfiguration.java:76) ~[axon-spring-4.6.3.jar:4.6.3]
	at org.springframework.context.support.DefaultLifecycleProcessor.doStart(DefaultLifecycleProcessor.java:178) ~[spring-context-5.3.10.jar:5.3.10]
	at org.springframework.context.support.DefaultLifecycleProcessor.access$200(DefaultLifecycleProcessor.java:54) ~[spring-context-5.3.10.jar:5.3.10]
	at org.springframework.context.support.DefaultLifecycleProcessor$LifecycleGroup.start(DefaultLifecycleProcessor.java:356) ~[spring-context-5.3.10.jar:5.3.10]
	at java.base/java.lang.Iterable.forEach(Iterable.java:75) ~[na:na]
	at org.springframework.context.support.DefaultLifecycleProcessor.startBeans(DefaultLifecycleProcessor.java:155) ~[spring-context-5.3.10.jar:5.3.10]
	at org.springframework.context.support.DefaultLifecycleProcessor.onRefresh(DefaultLifecycleProcessor.java:123) ~[spring-context-5.3.10.jar:5.3.10]
	at org.springframework.context.support.AbstractApplicationContext.finishRefresh(AbstractApplicationContext.java:935) ~[spring-context-5.3.10.jar:5.3.10]
	at org.springframework.context.support.AbstractApplicationContext.refresh(AbstractApplicationContext.java:586) ~[spring-context-5.3.10.jar:5.3.10]
	at org.springframework.boot.SpringApplication.refresh(SpringApplication.java:754) ~[spring-boot-2.5.5.jar:2.5.5]
	at org.springframework.boot.SpringApplication.refreshContext(SpringApplication.java:434) ~[spring-boot-2.5.5.jar:2.5.5]
	at org.springframework.boot.SpringApplication.run(SpringApplication.java:338) ~[spring-boot-2.5.5.jar:2.5.5]
	at org.springframework.boot.test.context.SpringBootContextLoader.loadContext(SpringBootContextLoader.java:123) ~[spring-boot-test-2.5.5.jar:2.5.5]
	at org.springframework.test.context.cache.DefaultCacheAwareContextLoaderDelegate.loadContextInternal(DefaultCacheAwareContextLoaderDelegate.java:99) ~[spring-test-5.3.10.jar:5.3.10]
	at org.springframework.test.context.cache.DefaultCacheAwareContextLoaderDelegate.loadContext(DefaultCacheAwareContextLoaderDelegate.java:124) ~[spring-test-5.3.10.jar:5.3.10]
	at org.springframework.test.context.support.DefaultTestContext.getApplicationContext(DefaultTestContext.java:124) ~[spring-test-5.3.10.jar:5.3.10]
	at org.springframework.test.context.web.ServletTestExecutionListener.setUpRequestContextIfNecessary(ServletTestExecutionListener.java:190) ~[spring-test-5.3.10.jar:5.3.10]
	at org.springframework.test.context.web.ServletTestExecutionListener.prepareTestInstance(ServletTestExecutionListener.java:132) ~[spring-test-5.3.10.jar:5.3.10]
	at org.springframework.test.context.TestContextManager.prepareTestInstance(TestContextManager.java:248) ~[spring-test-5.3.10.jar:5.3.10]
	at org.springframework.test.context.junit.jupiter.SpringExtension.postProcessTestInstance(SpringExtension.java:138) ~[spring-test-5.3.10.jar:5.3.10]
	at org.junit.jupiter.engine.descriptor.ClassBasedTestDescriptor.lambda$invokeTestInstancePostProcessors$6(ClassBasedTestDescriptor.java:350) ~[junit-jupiter-engine-5.7.2.jar:5.7.2]
	at org.junit.jupiter.engine.descriptor.ClassBasedTestDescriptor.executeAndMaskThrowable(ClassBasedTestDescriptor.java:355) ~[junit-jupiter-engine-5.7.2.jar:5.7.2]
	at org.junit.jupiter.engine.descriptor.ClassBasedTestDescriptor.lambda$invokeTestInstancePostProcessors$7(ClassBasedTestDescriptor.java:350) ~[junit-jupiter-engine-5.7.2.jar:5.7.2]
	at java.base/java.util.stream.ReferencePipeline$3$1.accept(ReferencePipeline.java:195) ~[na:na]
	at java.base/java.util.stream.ReferencePipeline$2$1.accept(ReferencePipeline.java:177) ~[na:na]
	at java.base/java.util.ArrayList$ArrayListSpliterator.forEachRemaining(ArrayList.java:1655) ~[na:na]
	at java.base/java.util.stream.AbstractPipeline.copyInto(AbstractPipeline.java:484) ~[na:na]
	at java.base/java.util.stream.AbstractPipeline.wrapAndCopyInto(AbstractPipeline.java:474) ~[na:na]
	at java.base/java.util.stream.StreamSpliterators$WrappingSpliterator.forEachRemaining(StreamSpliterators.java:312) ~[na:na]
	at java.base/java.util.stream.Streams$ConcatSpliterator.forEachRemaining(Streams.java:735) ~[na:na]
	at java.base/java.util.stream.Streams$ConcatSpliterator.forEachRemaining(Streams.java:734) ~[na:na]
	at java.base/java.util.stream.ReferencePipeline$Head.forEach(ReferencePipeline.java:658) ~[na:na]
	at org.junit.jupiter.engine.descriptor.ClassBasedTestDescriptor.invokeTestInstancePostProcessors(ClassBasedTestDescriptor.java:349) ~[junit-jupiter-engine-5.7.2.jar:5.7.2]
	at org.junit.jupiter.engine.descriptor.ClassBasedTestDescriptor.lambda$instantiateAndPostProcessTestInstance$4(ClassBasedTestDescriptor.java:270) ~[junit-jupiter-engine-5.7.2.jar:5.7.2]
	at org.junit.platform.engine.support.hierarchical.ThrowableCollector.execute(ThrowableCollector.java:73) ~[junit-platform-engine-1.7.2.jar:1.7.2]
	at org.junit.jupiter.engine.descriptor.ClassBasedTestDescriptor.instantiateAndPostProcessTestInstance(ClassBasedTestDescriptor.java:269) ~[junit-jupiter-engine-5.7.2.jar:5.7.2]
	at org.junit.jupiter.engine.descriptor.ClassBasedTestDescriptor.lambda$testInstancesProvider$2(ClassBasedTestDescriptor.java:259) ~[junit-jupiter-engine-5.7.2.jar:5.7.2]
	at java.base/java.util.Optional.orElseGet(Optional.java:369) ~[na:na]
	at org.junit.jupiter.engine.descriptor.ClassBasedTestDescriptor.lambda$testInstancesProvider$3(ClassBasedTestDescriptor.java:258) ~[junit-jupiter-engine-5.7.2.jar:5.7.2]
	at org.junit.jupiter.engine.execution.TestInstancesProvider.getTestInstances(TestInstancesProvider.java:31) ~[junit-jupiter-engine-5.7.2.jar:5.7.2]
	at org.junit.jupiter.engine.descriptor.TestMethodTestDescriptor.lambda$prepare$0(TestMethodTestDescriptor.java:101) ~[junit-jupiter-engine-5.7.2.jar:5.7.2]
	at org.junit.platform.engine.support.hierarchical.ThrowableCollector.execute(ThrowableCollector.java:73) ~[junit-platform-engine-1.7.2.jar:1.7.2]
	at org.junit.jupiter.engine.descriptor.TestMethodTestDescriptor.prepare(TestMethodTestDescriptor.java:100) ~[junit-jupiter-engine-5.7.2.jar:5.7.2]
	at org.junit.jupiter.engine.descriptor.TestMethodTestDescriptor.prepare(TestMethodTestDescriptor.java:65) ~[junit-jupiter-engine-5.7.2.jar:5.7.2]
	at org.junit.platform.engine.support.hierarchical.NodeTestTask.lambda$prepare$1(NodeTestTask.java:111) ~[junit-platform-engine-1.7.2.jar:1.7.2]
	at org.junit.platform.engine.support.hierarchical.ThrowableCollector.execute(ThrowableCollector.java:73) ~[junit-platform-engine-1.7.2.jar:1.7.2]
	at org.junit.platform.engine.support.hierarchical.NodeTestTask.prepare(NodeTestTask.java:111) ~[junit-platform-engine-1.7.2.jar:1.7.2]
	at org.junit.platform.engine.support.hierarchical.NodeTestTask.execute(NodeTestTask.java:79) ~[junit-platform-engine-1.7.2.jar:1.7.2]
	at java.base/java.util.ArrayList.forEach(ArrayList.java:1541) ~[na:na]
	at org.junit.platform.engine.support.hierarchical.SameThreadHierarchicalTestExecutorService.invokeAll(SameThreadHierarchicalTestExecutorService.java:38) ~[junit-platform-engine-1.7.2.jar:1.7.2]
	at org.junit.platform.engine.support.hierarchical.NodeTestTask.lambda$executeRecursively$5(NodeTestTask.java:143) ~[junit-platform-engine-1.7.2.jar:1.7.2]
	at org.junit.platform.engine.support.hierarchical.ThrowableCollector.execute(ThrowableCollector.java:73) ~[junit-platform-engine-1.7.2.jar:1.7.2]
	at org.junit.platform.engine.support.hierarchical.NodeTestTask.lambda$executeRecursively$7(NodeTestTask.java:129) ~[junit-platform-engine-1.7.2.jar:1.7.2]
	at org.junit.platform.engine.support.hierarchical.Node.around(Node.java:137) ~[junit-platform-engine-1.7.2.jar:1.7.2]
	at org.junit.platform.engine.support.hierarchical.NodeTestTask.lambda$executeRecursively$8(NodeTestTask.java:127) ~[junit-platform-engine-1.7.2.jar:1.7.2]
	at org.junit.platform.engine.support.hierarchical.ThrowableCollector.execute(ThrowableCollector.java:73) ~[junit-platform-engine-1.7.2.jar:1.7.2]
	at org.junit.platform.engine.support.hierarchical.NodeTestTask.executeRecursively(NodeTestTask.java:126) ~[junit-platform-engine-1.7.2.jar:1.7.2]
	at org.junit.platform.engine.support.hierarchical.NodeTestTask.execute(NodeTestTask.java:84) ~[junit-platform-engine-1.7.2.jar:1.7.2]
	at java.base/java.util.ArrayList.forEach(ArrayList.java:1541) ~[na:na]
	at org.junit.platform.engine.support.hierarchical.SameThreadHierarchicalTestExecutorService.invokeAll(SameThreadHierarchicalTestExecutorService.java:38) ~[junit-platform-engine-1.7.2.jar:1.7.2]
	at org.junit.platform.engine.support.hierarchical.NodeTestTask.lambda$executeRecursively$5(NodeTestTask.java:143) ~[junit-platform-engine-1.7.2.jar:1.7.2]
	at org.junit.platform.engine.support.hierarchical.ThrowableCollector.execute(ThrowableCollector.java:73) ~[junit-platform-engine-1.7.2.jar:1.7.2]
	at org.junit.platform.engine.support.hierarchical.NodeTestTask.lambda$executeRecursively$7(NodeTestTask.java:129) ~[junit-platform-engine-1.7.2.jar:1.7.2]
	at org.junit.platform.engine.support.hierarchical.Node.around(Node.java:137) ~[junit-platform-engine-1.7.2.jar:1.7.2]
	at org.junit.platform.engine.support.hierarchical.NodeTestTask.lambda$executeRecursively$8(NodeTestTask.java:127) ~[junit-platform-engine-1.7.2.jar:1.7.2]
	at org.junit.platform.engine.support.hierarchical.ThrowableCollector.execute(ThrowableCollector.java:73) ~[junit-platform-engine-1.7.2.jar:1.7.2]
	at org.junit.platform.engine.support.hierarchical.NodeTestTask.executeRecursively(NodeTestTask.java:126) ~[junit-platform-engine-1.7.2.jar:1.7.2]
	at org.junit.platform.engine.support.hierarchical.NodeTestTask.execute(NodeTestTask.java:84) ~[junit-platform-engine-1.7.2.jar:1.7.2]
	at org.junit.platform.engine.support.hierarchical.SameThreadHierarchicalTestExecutorService.submit(SameThreadHierarchicalTestExecutorService.java:32) ~[junit-platform-engine-1.7.2.jar:1.7.2]
	at org.junit.platform.engine.support.hierarchical.HierarchicalTestExecutor.execute(HierarchicalTestExecutor.java:57) ~[junit-platform-engine-1.7.2.jar:1.7.2]
	at org.junit.platform.engine.support.hierarchical.HierarchicalTestEngine.execute(HierarchicalTestEngine.java:51) ~[junit-platform-engine-1.7.2.jar:1.7.2]
	at org.junit.platform.launcher.core.DefaultLauncher.execute(DefaultLauncher.java:220) ~[junit-platform-launcher-1.3.1.jar:1.3.1]
	at org.junit.platform.launcher.core.DefaultLauncher.lambda$execute$6(DefaultLauncher.java:188) ~[junit-platform-launcher-1.3.1.jar:1.3.1]
	at org.junit.platform.launcher.core.DefaultLauncher.withInterceptedStreams(DefaultLauncher.java:202) ~[junit-platform-launcher-1.3.1.jar:1.3.1]
	at org.junit.platform.launcher.core.DefaultLauncher.execute(DefaultLauncher.java:181) ~[junit-platform-launcher-1.3.1.jar:1.3.1]
	at org.junit.platform.launcher.core.DefaultLauncher.execute(DefaultLauncher.java:128) ~[junit-platform-launcher-1.3.1.jar:1.3.1]
	at org.apache.maven.surefire.junitplatform.JUnitPlatformProvider.invokeAllTests(JUnitPlatformProvider.java:150) ~[surefire-junit-platform-2.22.2.jar:2.22.2]
	at org.apache.maven.surefire.junitplatform.JUnitPlatformProvider.invoke(JUnitPlatformProvider.java:124) ~[surefire-junit-platform-2.22.2.jar:2.22.2]
	at org.apache.maven.surefire.booter.ForkedBooter.invokeProviderInSameClassLoader(ForkedBooter.java:384) ~[surefire-booter-2.22.2.jar:2.22.2]
	at org.apache.maven.surefire.booter.ForkedBooter.runSuitesInProcess(ForkedBooter.java:345) ~[surefire-booter-2.22.2.jar:2.22.2]
	at org.apache.maven.surefire.booter.ForkedBooter.execute(ForkedBooter.java:126) ~[surefire-booter-2.22.2.jar:2.22.2]
	at org.apache.maven.surefire.booter.ForkedBooter.main(ForkedBooter.java:418) ~[surefire-booter-2.22.2.jar:2.22.2]

2023-03-07 16:32:57.085  INFO 24340 --- [main] i.a.a.c.impl.AxonServerManagedChannel    : Failed to get connection to AxonServer. Scheduling a reconnect in 2000ms
2023-03-07 16:32:57.178  INFO 24340 --- [main] i.a.a.c.impl.AxonServerManagedChannel    : Requesting connection details from localhost:8124
2023-03-07 16:32:59.184  INFO 24340 --- [axon-connector-24340@TC18039556-0] i.a.a.c.impl.AxonServerManagedChannel    : Requesting connection details from localhost:8124
